Using pre-set license
Built from '2022.2/staging' branch; Version is '2022.2.4f1 (8216e0211249) revision 8525536'; Using compiler version '192829333'; Build Type 'Release'
OS: 'Windows 11  (10.0.22621) 64bit Professional' Language: 'fr' Physical Memory: 16310 MB
BatchMode: 1, IsHumanControllingUs: 0, StartBugReporterOnCrash: 0, Is64bit: 1, IsPro: 1

COMMAND LINE ARGUMENTS:
D:\2022.2.4f1-x86_64\Editor\Unity.exe
-adb2
-batchMode
-noUpm
-name
AssetImportWorker4
-projectPath
C:/Users/olivi/Documents/Galactic/Galactic
-logFile
Logs/AssetImportWorker4.log
-srvPort
53546
Successfully changed project path to: C:/Users/olivi/Documents/Galactic/Galactic
C:/Users/olivi/Documents/Galactic/Galactic
[UnityMemory] Configuration Parameters - Can be set up in boot.config
    "memorysetup-bucket-allocator-granularity=16"
    "memorysetup-bucket-allocator-bucket-count=8"
    "memorysetup-bucket-allocator-block-size=33554432"
    "memorysetup-bucket-allocator-block-count=8"
    "memorysetup-main-allocator-block-size=16777216"
    "memorysetup-thread-allocator-block-size=16777216"
    "memorysetup-gfx-main-allocator-block-size=16777216"
    "memorysetup-gfx-thread-allocator-block-size=16777216"
    "memorysetup-cache-allocator-block-size=4194304"
    "memorysetup-typetree-allocator-block-size=2097152"
    "memorysetup-profiler-bucket-allocator-granularity=16"
    "memorysetup-profiler-bucket-allocator-bucket-count=8"
    "memorysetup-profiler-bucket-allocator-block-size=33554432"
    "memorysetup-profiler-bucket-allocator-block-count=8"
    "memorysetup-profiler-allocator-block-size=16777216"
    "memorysetup-profiler-editor-allocator-block-size=1048576"
    "memorysetup-temp-allocator-size-main=16777216"
    "memorysetup-job-temp-allocator-block-size=2097152"
    "memorysetup-job-temp-allocator-block-size-background=1048576"
    "memorysetup-job-temp-allocator-reduction-small-platforms=262144"
    "memorysetup-temp-allocator-size-background-worker=32768"
    "memorysetup-temp-allocator-size-job-worker=262144"
    "memorysetup-temp-allocator-size-preload-manager=33554432"
    "memorysetup-temp-allocator-size-nav-mesh-worker=65536"
    "memorysetup-temp-allocator-size-audio-worker=65536"
    "memorysetup-temp-allocator-size-cloud-worker=32768"
    "memorysetup-temp-allocator-size-gi-baking-worker=262144"
    "memorysetup-temp-allocator-size-gfx=262144"
Player connection [44656] Host "[IP] 192.168.1.71 [Port] 0 [Flags] 2 [Guid] 761300703 [EditorId] 761300703 [Version] 1048832 [Id] WindowsEditor(7,olivier-14) [Debug] 1 [PackageName] WindowsEditor [ProjectName] Editor" joined multi-casting on [225.0.0.222:54997]...

Player connection [44656] Host "[IP] 192.168.1.71 [Port] 0 [Flags] 2 [Guid] 761300703 [EditorId] 761300703 [Version] 1048832 [Id] WindowsEditor(7,olivier-14) [Debug] 1 [PackageName] WindowsEditor [ProjectName] Editor" joined alternative multi-casting on [225.0.0.222:34997]...

Refreshing native plugins compatible for Editor in 7.27 ms, found 2 plugins.
Preloading 0 native plugins for Editor in 0.00 ms.
Initialize engine version: 2022.2.4f1 (8216e0211249)
[Subsystems] Discovering subsystems at path D:/2022.2.4f1-x86_64/Editor/Data/Resources/UnitySubsystems
[Subsystems] Discovering subsystems at path C:/Users/olivi/Documents/Galactic/Galactic/Assets
GfxDevice: creating device client; threaded=0; jobified=0
Direct3D:
    Version:  Direct3D 11.0 [level 11.1]
    Renderer: NVIDIA GeForce RTX 2080 SUPER (ID=0x1e81)
    Vendor:   NVIDIA
    VRAM:     8001 MB
    Driver:   31.0.15.3118
Initialize mono
Mono path[0] = 'D:/2022.2.4f1-x86_64/Editor/Data/Managed'
Mono path[1] = 'D:/2022.2.4f1-x86_64/Editor/Data/MonoBleedingEdge/lib/mono/unityjit-win32'
Mono config path = 'D:/2022.2.4f1-x86_64/Editor/Data/MonoBleedingEdge/etc'
Using monoOptions --debugger-agent=transport=dt_socket,embedding=1,server=y,suspend=n,address=127.0.0.1:56056
Begin MonoManager ReloadAssembly
Registering precompiled unity dll's ...
Register platform support module: D:/2022.2.4f1-x86_64/Editor/Data/PlaybackEngines/WindowsStandaloneSupport/UnityEditor.WindowsStandalone.Extensions.dll
Registered in 0.002878 seconds.
- Loaded All Assemblies, in  0.365 seconds
Native extension for WindowsStandalone target not found
Mono: successfully reloaded assembly
- Finished resetting the current domain, in  0.304 seconds
Domain Reload Profiling:
	ReloadAssembly (201ms)
		BeginReloadAssembly (78ms)
			ExecutionOrderSort (0ms)
			DisableScriptedObjects (0ms)
			BackupInstance (0ms)
			ReleaseScriptingObjects (0ms)
			CreateAndSetChildDomain (1ms)
		LoadAllAssembliesAndSetupDomain (0ms)
			LoadAssemblies (77ms)
			RebuildTransferFunctionScriptingTraits (0ms)
			SetupTypeCache (160ms)
				TypeCache.Initialize (160ms)
					TypeCache.ScanAssembly (157ms)
				ResolveRequiredComponents (1ms)
		FinalizeReload (0ms)
			ReleaseScriptCaches (0ms)
			RebuildScriptCaches (0ms)
			SetupLoadedEditorAssemblies (217ms)
				LogAssemblyErrors (0ms)
				InitializePlatformSupportModulesInManaged (9ms)
				SetLoadedEditorAssemblies (9ms)
				RefreshPlugins (0ms)
				BeforeProcessingInitializeOnLoad (2ms)
				ProcessInitializeOnLoadAttributes (152ms)
				ProcessInitializeOnLoadMethodAttributes (45ms)
				AfterProcessingInitializeOnLoad (0ms)
				EditorAssembliesLoaded (0ms)
			ExecutionOrderSort2 (0ms)
			AwakeInstancesAfterBackupRestoration (0ms)
========================================================================
Worker process is ready to serve import requests
Begin MonoManager ReloadAssembly
- Loaded All Assemblies, in  0.724 seconds
Refreshing native plugins compatible for Editor in 2.76 ms, found 2 plugins.
Native extension for WindowsStandalone target not found
Mono: successfully reloaded assembly
- Finished resetting the current domain, in  0.563 seconds
Domain Reload Profiling:
	ReloadAssembly (194ms)
		BeginReloadAssembly (111ms)
			ExecutionOrderSort (0ms)
			DisableScriptedObjects (5ms)
			BackupInstance (0ms)
			ReleaseScriptingObjects (0ms)
			CreateAndSetChildDomain (24ms)
		LoadAllAssembliesAndSetupDomain (529ms)
			LoadAssemblies (214ms)
			RebuildTransferFunctionScriptingTraits (0ms)
			SetupTypeCache (364ms)
				TypeCache.Initialize (245ms)
					TypeCache.ScanAssembly (241ms)
				ResolveRequiredComponents (10ms)
		FinalizeReload (0ms)
			ReleaseScriptCaches (0ms)
			RebuildScriptCaches (0ms)
			SetupLoadedEditorAssemblies (360ms)
				LogAssemblyErrors (0ms)
				InitializePlatformSupportModulesInManaged (7ms)
				SetLoadedEditorAssemblies (6ms)
				RefreshPlugins (0ms)
				BeforeProcessingInitializeOnLoad (66ms)
				ProcessInitializeOnLoadAttributes (259ms)
				ProcessInitializeOnLoadMethodAttributes (19ms)
				AfterProcessingInitializeOnLoad (2ms)
				EditorAssembliesLoaded (0ms)
			ExecutionOrderSort2 (0ms)
			AwakeInstancesAfterBackupRestoration (5ms)
Launched and connected shader compiler UnityShaderCompiler.exe after 0.05 seconds
Refreshing native plugins compatible for Editor in 2.83 ms, found 2 plugins.
Preloading 0 native plugins for Editor in 0.00 ms.
Unloading 1826 Unused Serialized files (Serialized files now loaded: 0)
Unloading 27 unused Assets / (340.5 KB). Loaded Objects now: 2290.
Memory consumption went from 304.9 MB to 304.5 MB.
Total: 2.887400 ms (FindLiveObjects: 0.259900 ms CreateObjectMapping: 0.049000 ms MarkObjects: 2.393200 ms  DeleteObjects: 0.184000 ms)

AssetImportParameters requested are different than current active one (requested -> active):
  custom:video-decoder-webm-vp8: 9c59270c3fd7afecdb556c50c9e8de78 -> 
  custom:container-demuxer-ogg: 62fdf1f143b41e24485cea50d1cbac27 -> 
  custom:AudioImporter_EditorPlatform: d09bf68614088b80899f8185d706f6e7 -> 
  custom:video-decoder-ogg-theora: a1e56fd34408186e4bbccfd4996cb3dc -> 
  custom:framework-win-MediaFoundation: 216162199b28c13a410421893ffa2e32 -> 
  custom:video-encoder-webm-vp8: eb34c28f22e8b96e1ab97ce403110664 -> 
  custom:audio-decoder-ogg-vorbis: bf7c407c2cedff20999df2af8eb42d56 -> 
  custom:container-demuxer-webm: 4f35f7cbe854078d1ac9338744f61a02 -> 
  custom:audio-encoder-webm-vorbis: bf7c407c2cedff20999df2af8eb42d56 -> 
  custom:container-muxer-webm: aa71ff27fc2769a1b78a27578f13a17b -> 
========================================================================
Received Import Request.
  Time since last request: 276964.318792 seconds.
  path: Assets/FSP/Modular Pixel Forest/Materials/Terrain/_MAST_Thumbnails/Grass Hill Corner Outer Snow.png
  artifactKey: Guid(e19370d50b75ae4419399146ed7ca553) Importer(815301076,1909f56bfc062723c751e8b465ee728b)
Number of updated assets reloaded before import = 0
Start importing Assets/FSP/Modular Pixel Forest/Materials/Terrain/_MAST_Thumbnails/Grass Hill Corner Outer Snow.png using Guid(e19370d50b75ae4419399146ed7ca553) Importer(815301076,1909f56bfc062723c751e8b465ee728b)  -> (artifact id: 'e7d1382076aaf1e4057dc70ba88d766f') in 0.059227 seconds 
Number of asset objects unloaded after import = 2
========================================================================
Received Import Request.
  Time since last request: 0.000027 seconds.
  path: Assets/FSP/MAST/Images/Grid_Up.png
  artifactKey: Guid(394305b30a4d1f2418e6accd5a6b044b) Importer(815301076,1909f56bfc062723c751e8b465ee728b)
Number of updated assets reloaded before import = 0
Start importing Assets/FSP/MAST/Images/Grid_Up.png using Guid(394305b30a4d1f2418e6accd5a6b044b) Importer(815301076,1909f56bfc062723c751e8b465ee728b)  -> (artifact id: '4cb50113e01bf66942507b96416640f2') in 0.057981 seconds 
Number of asset objects unloaded after import = 3
========================================================================
Received Import Request.
  Time since last request: 0.000029 seconds.
  path: Assets/FSP/MAST/Images/Palette_Item_Gray_Hover.png
  artifactKey: Guid(c2acdcb79458d9942b01b0049a104823) Importer(815301076,1909f56bfc062723c751e8b465ee728b)
Number of updated assets reloaded before import = 0
Start importing Assets/FSP/MAST/Images/Palette_Item_Gray_Hover.png using Guid(c2acdcb79458d9942b01b0049a104823) Importer(815301076,1909f56bfc062723c751e8b465ee728b)  -> (artifact id: '3aa058d8f89ecc41035a39c75d7d0259') in 0.010641 seconds 
Number of asset objects unloaded after import = 2
========================================================================
Received Import Request.
  Time since last request: 0.000031 seconds.
  path: Assets/FSP/MAST/Images/Palette_Item_Gray_Active.png
  artifactKey: Guid(8525c0dbc0313dc46837ad018a18e862) Importer(815301076,1909f56bfc062723c751e8b465ee728b)
Number of updated assets reloaded before import = 0
Start importing Assets/FSP/MAST/Images/Palette_Item_Gray_Active.png using Guid(8525c0dbc0313dc46837ad018a18e862) Importer(815301076,1909f56bfc062723c751e8b465ee728b)  -> (artifact id: 'fdd7898780bc241bd8b32a59fcdae5f3') in 0.009444 seconds 
Number of asset objects unloaded after import = 2
========================================================================
Received Import Request.
  Time since last request: 0.000021 seconds.
  path: Assets/Photon/PhotonUnityNetworking/Demos/PunBasics-Tutorial/Materials/UnitTextureGreen12x.mat
  artifactKey: Guid(8c13ddd2bc8fa4e85943376cf7c8bf7d) Importer(815301076,1909f56bfc062723c751e8b465ee728b)
Number of updated assets reloaded before import = 0
Start importing Assets/Photon/PhotonUnityNetworking/Demos/PunBasics-Tutorial/Materials/UnitTextureGreen12x.mat using Guid(8c13ddd2bc8fa4e85943376cf7c8bf7d) Importer(815301076,1909f56bfc062723c751e8b465ee728b)  -> (artifact id: '6ee4e74210bc791a55449e12890ef441') in 0.055293 seconds 
Number of asset objects unloaded after import = 2
========================================================================
Received Import Request.
  Time since last request: 0.000024 seconds.
  path: Assets/Photon/PhotonUnityNetworking/Demos/DemoSlotRacer/Kenney Assets/Stylized city/Materials/ground_green232.mat
  artifactKey: Guid(fd4000dd854ad0e40ba2a59fab94cad1) Importer(815301076,1909f56bfc062723c751e8b465ee728b)
Number of updated assets reloaded before import = 0
Start importing Assets/Photon/PhotonUnityNetworking/Demos/DemoSlotRacer/Kenney Assets/Stylized city/Materials/ground_green232.mat using Guid(fd4000dd854ad0e40ba2a59fab94cad1) Importer(815301076,1909f56bfc062723c751e8b465ee728b)  -> (artifact id: 'a9e297b3af540c9421e54e8361c073f6') in 0.034344 seconds 
Number of asset objects unloaded after import = 1
========================================================================
Received Import Request.
  Time since last request: 0.000234 seconds.
  path: Assets/FSP/MAST/Images/Grid_Down.png
  artifactKey: Guid(02d19a7c87ff5404cb154b10547f558c) Importer(815301076,1909f56bfc062723c751e8b465ee728b)
Number of updated assets reloaded before import = 0
Start importing Assets/FSP/MAST/Images/Grid_Down.png using Guid(02d19a7c87ff5404cb154b10547f558c) Importer(815301076,1909f56bfc062723c751e8b465ee728b)  -> (artifact id: 'e59bdec8a794b4b3764f763d44777b15') in 0.014611 seconds 
Number of asset objects unloaded after import = 3
========================================================================
Received Import Request.
  Time since last request: 16.502732 seconds.
  path: Assets/FSP/Modular Pixel Forest/Materials/Props/_MAST_Thumbnails/Boulder Snow.png
  artifactKey: Guid(9e5b9e6e802d70b4fba2b200a536ae33) Importer(815301076,1909f56bfc062723c751e8b465ee728b)
Number of updated assets reloaded before import = 0
Start importing Assets/FSP/Modular Pixel Forest/Materials/Props/_MAST_Thumbnails/Boulder Snow.png using Guid(9e5b9e6e802d70b4fba2b200a536ae33) Importer(815301076,1909f56bfc062723c751e8b465ee728b)  -> (artifact id: 'ee244f0cac40104b333a66d169820397') in 0.011202 seconds 
Number of asset objects unloaded after import = 2
========================================================================
Received Import Request.
  Time since last request: 0.004215 seconds.
  path: Assets/FSP/Modular Pixel Forest/Materials/Terrain/_MAST_Thumbnails/Dirt Ramp Snow.png
  artifactKey: Guid(261b83d28c6a27c489d05c0a2daecf56) Importer(815301076,1909f56bfc062723c751e8b465ee728b)
Number of updated assets reloaded before import = 0
Start importing Assets/FSP/Modular Pixel Forest/Materials/Terrain/_MAST_Thumbnails/Dirt Ramp Snow.png using Guid(261b83d28c6a27c489d05c0a2daecf56) Importer(815301076,1909f56bfc062723c751e8b465ee728b)  -> (artifact id: '275c4eef71fdc7532bcafc90da494f2a') in 0.011745 seconds 
Number of asset objects unloaded after import = 2
========================================================================
Received Import Request.
  Time since last request: 0.004912 seconds.
  path: Assets/FSP/Modular Pixel Forest/Materials/Foliage/_MAST_Thumbnails/Leaves Point Down Snow.png
  artifactKey: Guid(c63f413cf78651e4386af323981a3b0f) Importer(815301076,1909f56bfc062723c751e8b465ee728b)
Number of updated assets reloaded before import = 0
Start importing Assets/FSP/Modular Pixel Forest/Materials/Foliage/_MAST_Thumbnails/Leaves Point Down Snow.png using Guid(c63f413cf78651e4386af323981a3b0f) Importer(815301076,1909f56bfc062723c751e8b465ee728b)  -> (artifact id: '6e7f8ffe0889a92d29dff2c44d92c9b4') in 0.010729 seconds 
Number of asset objects unloaded after import = 2
========================================================================
Received Import Request.
  Time since last request: 0.002301 seconds.
  path: Assets/FSP/Modular Pixel Forest/Materials/Foliage/_MAST_Thumbnails/Leaves Sphere Snow.png
  artifactKey: Guid(3a89b656b03198a48bce53bfc01376a4) Importer(815301076,1909f56bfc062723c751e8b465ee728b)
Number of updated assets reloaded before import = 0
Start importing Assets/FSP/Modular Pixel Forest/Materials/Foliage/_MAST_Thumbnails/Leaves Sphere Snow.png using Guid(3a89b656b03198a48bce53bfc01376a4) Importer(815301076,1909f56bfc062723c751e8b465ee728b)  -> (artifact id: '26fdd229238d50771e2be531a61d18ba') in 0.010534 seconds 
Number of asset objects unloaded after import = 2
========================================================================
Received Import Request.
  Time since last request: 0.000263 seconds.
  path: Assets/FSP/Modular Pixel Forest/Materials/Temple/_MAST_Thumbnails/Pillar Bottom Snow.png
  artifactKey: Guid(15af1cadb433c2b43ab65dfe37855ceb) Importer(815301076,1909f56bfc062723c751e8b465ee728b)
Number of updated assets reloaded before import = 0
Start importing Assets/FSP/Modular Pixel Forest/Materials/Temple/_MAST_Thumbnails/Pillar Bottom Snow.png using Guid(15af1cadb433c2b43ab65dfe37855ceb) Importer(815301076,1909f56bfc062723c751e8b465ee728b)  -> (artifact id: '976456055c59c12e186a1431264cf428') in 0.010792 seconds 
Number of asset objects unloaded after import = 2
========================================================================
Received Import Request.
  Time since last request: 0.005845 seconds.
  path: Assets/FSP/Modular Pixel Forest/Materials/Temple/_MAST_Thumbnails/Temple Block Snow.png
  artifactKey: Guid(20d2c6697517b4e4aad8afa95d5b2757) Importer(815301076,1909f56bfc062723c751e8b465ee728b)
Number of updated assets reloaded before import = 0
Start importing Assets/FSP/Modular Pixel Forest/Materials/Temple/_MAST_Thumbnails/Temple Block Snow.png using Guid(20d2c6697517b4e4aad8afa95d5b2757) Importer(815301076,1909f56bfc062723c751e8b465ee728b)  -> (artifact id: '72882c72fc71e1423a638fb839c23852') in 0.018278 seconds 
Number of asset objects unloaded after import = 2
========================================================================
Received Import Request.
  Time since last request: 78.771245 seconds.
  path: Assets/FSP/Modular Pixel Forest/Materials/Terrain/Grass Block Snow Variant.mat
  artifactKey: Guid(d33d12a2e11dbbb47a4fb565fc2c45ca) Importer(815301076,1909f56bfc062723c751e8b465ee728b)
Number of updated assets reloaded before import = 0
Start importing Assets/FSP/Modular Pixel Forest/Materials/Terrain/Grass Block Snow Variant.mat using Guid(d33d12a2e11dbbb47a4fb565fc2c45ca) Importer(815301076,1909f56bfc062723c751e8b465ee728b)  -> (artifact id: '8a53b22671fae04efb2b5fb4f2b767bb') in 0.012436 seconds 
Number of asset objects unloaded after import = 3
========================================================================
Received Import Request.
  Time since last request: 1193.622220 seconds.
  path: Assets/Prefabs/1 Variant.prefab
  artifactKey: Guid(6fee31e3bb0e89243a6c3d26cc356040) Importer(815301076,1909f56bfc062723c751e8b465ee728b)
Number of updated assets reloaded before import = 0
Start importing Assets/Prefabs/1 Variant.prefab using Guid(6fee31e3bb0e89243a6c3d26cc356040) Importer(815301076,1909f56bfc062723c751e8b465ee728b)  -> (artifact id: 'aab3e4f986cef80b83d2d48d42012b7d') in 0.036446 seconds 
Number of asset objects unloaded after import = 24
========================================================================
Received Import Request.
  Time since last request: 42.334019 seconds.
  path: Assets/Prefabs/Grass Block Variant.prefab
  artifactKey: Guid(7846933ed8730b9418bdfd010c337de0) Importer(815301076,1909f56bfc062723c751e8b465ee728b)
Number of updated assets reloaded before import = 0
Start importing Assets/Prefabs/Grass Block Variant.prefab using Guid(7846933ed8730b9418bdfd010c337de0) Importer(815301076,1909f56bfc062723c751e8b465ee728b)  -> (artifact id: '64e8a417d5606e7ccb3802f1e42f3b8d') in 0.015405 seconds 
Number of asset objects unloaded after import = 24
========================================================================
Received Import Request.
  Time since last request: 27.806530 seconds.
  path: Assets/Prefabs/8 (1) Variant.prefab
  artifactKey: Guid(83aa3c9e524e93c498b7bf44d2c09a2b) Importer(815301076,1909f56bfc062723c751e8b465ee728b)
Number of updated assets reloaded before import = 0
Start importing Assets/Prefabs/8 (1) Variant.prefab using Guid(83aa3c9e524e93c498b7bf44d2c09a2b) Importer(815301076,1909f56bfc062723c751e8b465ee728b)  -> (artifact id: '58278cebe5bc273e12f63fa9aff7b304') in 0.013685 seconds 
Number of asset objects unloaded after import = 24
========================================================================
Received Import Request.
  Time since last request: 16.714447 seconds.
  path: Assets/Prefabs/Biome1.prefab
  artifactKey: Guid(83aa3c9e524e93c498b7bf44d2c09a2b) Importer(815301076,1909f56bfc062723c751e8b465ee728b)
Number of updated assets reloaded before import = 0
Start importing Assets/Prefabs/Biome1.prefab using Guid(83aa3c9e524e93c498b7bf44d2c09a2b) Importer(815301076,1909f56bfc062723c751e8b465ee728b)  -> (artifact id: 'a3eb825e300491406b9988400479cf8a') in 0.012273 seconds 
Number of asset objects unloaded after import = 24
========================================================================
Received Import Request.
  Time since last request: 30.782056 seconds.
  path: Assets/Prefabs/Biome2.prefab
  artifactKey: Guid(7846933ed8730b9418bdfd010c337de0) Importer(815301076,1909f56bfc062723c751e8b465ee728b)
Number of updated assets reloaded before import = 0
Start importing Assets/Prefabs/Biome2.prefab using Guid(7846933ed8730b9418bdfd010c337de0) Importer(815301076,1909f56bfc062723c751e8b465ee728b)  -> (artifact id: '52aa0e0019d33d6a538685f3280289d9') in 0.012053 seconds 
Number of asset objects unloaded after import = 24
========================================================================
Received Import Request.
  Time since last request: 141.551980 seconds.
  path: Assets/Prefabs/1 (1).prefab
  artifactKey: Guid(59e02cededfe0b74984f69a780819b44) Importer(815301076,1909f56bfc062723c751e8b465ee728b)
Number of updated assets reloaded before import = 0
Start importing Assets/Prefabs/1 (1).prefab using Guid(59e02cededfe0b74984f69a780819b44) Importer(815301076,1909f56bfc062723c751e8b465ee728b)  -> (artifact id: 'f8428060df0fffec85aa598725927a60') in 0.018187 seconds 
Number of asset objects unloaded after import = 12
========================================================================
Received Import Request.
  Time since last request: 12.315619 seconds.
  path: Assets/Prefabs/10 (1) Variant.prefab
  artifactKey: Guid(7ad4275c8a417cb4a9d842f196d415e7) Importer(815301076,1909f56bfc062723c751e8b465ee728b)
Number of updated assets reloaded before import = 0
Start importing Assets/Prefabs/10 (1) Variant.prefab using Guid(7ad4275c8a417cb4a9d842f196d415e7) Importer(815301076,1909f56bfc062723c751e8b465ee728b)  -> (artifact id: '2d857b4fcd4ee9b00f025e79e51fe7b7') in 0.016967 seconds 
Number of asset objects unloaded after import = 24
========================================================================
Received Import Request.
  Time since last request: 12.985379 seconds.
  path: Assets/Prefabs/Biome1.prefab
  artifactKey: Guid(7ad4275c8a417cb4a9d842f196d415e7) Importer(815301076,1909f56bfc062723c751e8b465ee728b)
Number of updated assets reloaded before import = 0
Start importing Assets/Prefabs/Biome1.prefab using Guid(7ad4275c8a417cb4a9d842f196d415e7) Importer(815301076,1909f56bfc062723c751e8b465ee728b)  -> (artifact id: '871327416af636c0561fe936bd6423db') in 0.010494 seconds 
Number of asset objects unloaded after import = 24
========================================================================
Received Import Request.
  Time since last request: 24.707502 seconds.
  path: Assets/Prefabs/Biome1.prefab
  artifactKey: Guid(7ad4275c8a417cb4a9d842f196d415e7) Importer(815301076,1909f56bfc062723c751e8b465ee728b)
Number of updated assets reloaded before import = 0
Start importing Assets/Prefabs/Biome1.prefab using Guid(7ad4275c8a417cb4a9d842f196d415e7) Importer(815301076,1909f56bfc062723c751e8b465ee728b)  -> (artifact id: '8a013bb5be425fe1d9f464fb641bc3ee') in 0.008825 seconds 
Number of asset objects unloaded after import = 24
========================================================================
Received Import Request.
  Time since last request: 24.988919 seconds.
  path: Assets/FSP/Modular Pixel Forest/Materials/Terrain/Dirt Ramp.mat
  artifactKey: Guid(51e608eb58a23784bb9203e487d4cd0b) Importer(815301076,1909f56bfc062723c751e8b465ee728b)
Number of updated assets reloaded before import = 0
Start importing Assets/FSP/Modular Pixel Forest/Materials/Terrain/Dirt Ramp.mat using Guid(51e608eb58a23784bb9203e487d4cd0b) Importer(815301076,1909f56bfc062723c751e8b465ee728b)  -> (artifact id: 'e3ba13a2468a08a7a6835b417e00a0c5') in 0.028119 seconds 
Number of asset objects unloaded after import = 4
========================================================================
Received Import Request.
  Time since last request: 0.000034 seconds.
  path: Assets/FSP/Modular Pixel Forest/Materials/Terrain/Grass Hill Corner Outer Snow.mat
  artifactKey: Guid(ed3ffc14fbfcb9d4c8be2cf0f8056004) Importer(815301076,1909f56bfc062723c751e8b465ee728b)
Number of updated assets reloaded before import = 0
Start importing Assets/FSP/Modular Pixel Forest/Materials/Terrain/Grass Hill Corner Outer Snow.mat using Guid(ed3ffc14fbfcb9d4c8be2cf0f8056004) Importer(815301076,1909f56bfc062723c751e8b465ee728b)  -> (artifact id: '6f27af23557ba360d3034ff737c1a6fe') in 0.033564 seconds 
Number of asset objects unloaded after import = 4
========================================================================
Received Import Request.
  Time since last request: 0.000797 seconds.
  path: Assets/FSP/Modular Pixel Forest/Materials/Terrain/Grass Block Snow Variant 1.mat
  artifactKey: Guid(61a57d4edd265d2418216eb573f06591) Importer(815301076,1909f56bfc062723c751e8b465ee728b)
Number of updated assets reloaded before import = 0
Start importing Assets/FSP/Modular Pixel Forest/Materials/Terrain/Grass Block Snow Variant 1.mat using Guid(61a57d4edd265d2418216eb573f06591) Importer(815301076,1909f56bfc062723c751e8b465ee728b)  -> (artifact id: '33e5a1b48033e36d25236e14b9b53df8') in 0.029729 seconds 
Number of asset objects unloaded after import = 3
========================================================================
Received Import Request.
  Time since last request: 29.484869 seconds.
  path: Assets/FSP/Modular Pixel Forest/Materials/Terrain/Grass Block Snow Variant 1 Variant.mat
  artifactKey: Guid(8faf2bda3eddef343a73b94ce92627ad) Importer(815301076,1909f56bfc062723c751e8b465ee728b)
Number of updated assets reloaded before import = 0
Start importing Assets/FSP/Modular Pixel Forest/Materials/Terrain/Grass Block Snow Variant 1 Variant.mat using Guid(8faf2bda3eddef343a73b94ce92627ad) Importer(815301076,1909f56bfc062723c751e8b465ee728b)  -> (artifact id: '132be335410e5cd1a7ce504b3a82d5a1') in 0.016822 seconds 
Number of asset objects unloaded after import = 4
========================================================================
Received Import Request.
  Time since last request: 103.521123 seconds.
  path: Assets/FSP/Modular Pixel Forest/Materials/Terrain/Grass Block Snow Variant 1 Variant.mat
  artifactKey: Guid(8faf2bda3eddef343a73b94ce92627ad) Importer(815301076,1909f56bfc062723c751e8b465ee728b)
Number of updated assets reloaded before import = 0
Start importing Assets/FSP/Modular Pixel Forest/Materials/Terrain/Grass Block Snow Variant 1 Variant.mat using Guid(8faf2bda3eddef343a73b94ce92627ad) Importer(815301076,1909f56bfc062723c751e8b465ee728b)  -> (artifact id: 'ded2915bd376a6f7f6e6bc3e13069d04') in 0.013289 seconds 
Number of asset objects unloaded after import = 4
========================================================================
Received Import Request.
  Time since last request: 55.388445 seconds.
  path: Assets/FSP/Modular Pixel Forest/Materials/Terrain/Grass Block Snow Variant 2.mat
  artifactKey: Guid(d33c81ef755038a4da9025ac3f68ce1b) Importer(815301076,1909f56bfc062723c751e8b465ee728b)
Number of updated assets reloaded before import = 0
Start importing Assets/FSP/Modular Pixel Forest/Materials/Terrain/Grass Block Snow Variant 2.mat using Guid(d33c81ef755038a4da9025ac3f68ce1b) Importer(815301076,1909f56bfc062723c751e8b465ee728b)  -> (artifact id: 'c4bd234d18ee4ac569333eb75f1b3722') in 0.015812 seconds 
Number of asset objects unloaded after import = 4
========================================================================
Received Import Request.
  Time since last request: 14.685338 seconds.
  path: Assets/FSP/Modular Pixel Forest/Materials/Terrain/Biome2.mat
  artifactKey: Guid(61a57d4edd265d2418216eb573f06591) Importer(815301076,1909f56bfc062723c751e8b465ee728b)
Number of updated assets reloaded before import = 0
Start importing Assets/FSP/Modular Pixel Forest/Materials/Terrain/Biome2.mat using Guid(61a57d4edd265d2418216eb573f06591) Importer(815301076,1909f56bfc062723c751e8b465ee728b)  -> (artifact id: 'dc09120cc56955527a04a9d67353171a') in 0.011248 seconds 
Number of asset objects unloaded after import = 3
========================================================================
Received Import Request.
  Time since last request: 7.909158 seconds.
  path: Assets/FSP/Modular Pixel Forest/Materials/Terrain/Biome1.mat
  artifactKey: Guid(d3bd69ceb07dbb24ba6c0cfa385c2765) Importer(815301076,1909f56bfc062723c751e8b465ee728b)
Number of updated assets reloaded before import = 0
Start importing Assets/FSP/Modular Pixel Forest/Materials/Terrain/Biome1.mat using Guid(d3bd69ceb07dbb24ba6c0cfa385c2765) Importer(815301076,1909f56bfc062723c751e8b465ee728b)  -> (artifact id: '6100a831cc07dce642b4c6f7d62a5548') in 0.017773 seconds 
Number of asset objects unloaded after import = 2
========================================================================
Received Import Request.
  Time since last request: 0.000025 seconds.
  path: Assets/FSP/Modular Pixel Forest/Materials/Terrain/Grass Block Snow Variant 2.mat
  artifactKey: Guid(d33c81ef755038a4da9025ac3f68ce1b) Importer(815301076,1909f56bfc062723c751e8b465ee728b)
Number of updated assets reloaded before import = 0
Start importing Assets/FSP/Modular Pixel Forest/Materials/Terrain/Grass Block Snow Variant 2.mat using Guid(d33c81ef755038a4da9025ac3f68ce1b) Importer(815301076,1909f56bfc062723c751e8b465ee728b)  -> (artifact id: '5a05167aab86084ce8f9d62a400fceda') in 0.021702 seconds 
Number of asset objects unloaded after import = 3
========================================================================
Received Import Request.
  Time since last request: 10.294217 seconds.
  path: Assets/FSP/Modular Pixel Forest/Materials/Terrain/Grass Block Snow Variant 1.mat
  artifactKey: Guid(93fe8f76c1a325e4d80f8114af0c4572) Importer(815301076,1909f56bfc062723c751e8b465ee728b)
Number of updated assets reloaded before import = 0
Start importing Assets/FSP/Modular Pixel Forest/Materials/Terrain/Grass Block Snow Variant 1.mat using Guid(93fe8f76c1a325e4d80f8114af0c4572) Importer(815301076,1909f56bfc062723c751e8b465ee728b)  -> (artifact id: '85cff99e9ca30603c37ee6cc5329e2cb') in 0.015069 seconds 
Number of asset objects unloaded after import = 3
========================================================================
Received Import Request.
  Time since last request: 39.180786 seconds.
  path: Assets/FSP/Modular Pixel Forest/Materials/Terrain/Biome3.mat
  artifactKey: Guid(93fe8f76c1a325e4d80f8114af0c4572) Importer(815301076,1909f56bfc062723c751e8b465ee728b)
Number of updated assets reloaded before import = 0
Start importing Assets/FSP/Modular Pixel Forest/Materials/Terrain/Biome3.mat using Guid(93fe8f76c1a325e4d80f8114af0c4572) Importer(815301076,1909f56bfc062723c751e8b465ee728b)  -> (artifact id: '3592e7957f60e6acc71e9b0fbdc8cff9') in 0.014918 seconds 
Number of asset objects unloaded after import = 3
========================================================================
Received Import Request.
  Time since last request: 8.143548 seconds.
  path: Assets/FSP/Modular Pixel Forest/Materials/Terrain/Biome4.mat
  artifactKey: Guid(d33c81ef755038a4da9025ac3f68ce1b) Importer(815301076,1909f56bfc062723c751e8b465ee728b)
Number of updated assets reloaded before import = 0
Start importing Assets/FSP/Modular Pixel Forest/Materials/Terrain/Biome4.mat using Guid(d33c81ef755038a4da9025ac3f68ce1b) Importer(815301076,1909f56bfc062723c751e8b465ee728b)  -> (artifact id: '6a8e9b7ded5dfb4aec878290eb6473df') in 0.016666 seconds 
Number of asset objects unloaded after import = 3
========================================================================
Received Import Request.
  Time since last request: 12.658952 seconds.
  path: Assets/Prefabs/Biome1.prefab
  artifactKey: Guid(7ad4275c8a417cb4a9d842f196d415e7) Importer(815301076,1909f56bfc062723c751e8b465ee728b)
Number of updated assets reloaded before import = 0
Start importing Assets/Prefabs/Biome1.prefab using Guid(7ad4275c8a417cb4a9d842f196d415e7) Importer(815301076,1909f56bfc062723c751e8b465ee728b)  -> (artifact id: '81e50e6141b6536a251ba0a0b87949e1') in 0.013699 seconds 
Number of asset objects unloaded after import = 24
========================================================================
Received Import Request.
  Time since last request: 5.918035 seconds.
  path: Assets/Prefabs/Biome1 Variant.prefab
  artifactKey: Guid(6e01e7d0f78bd8a4e9350ab43e5227b6) Importer(815301076,1909f56bfc062723c751e8b465ee728b)
Number of updated assets reloaded before import = 0
Start importing Assets/Prefabs/Biome1 Variant.prefab using Guid(6e01e7d0f78bd8a4e9350ab43e5227b6) Importer(815301076,1909f56bfc062723c751e8b465ee728b)  -> (artifact id: 'e0c6c9c9b7b9894da3bae1d70fc40fd8') in 0.017431 seconds 
Number of asset objects unloaded after import = 34
========================================================================
Received Import Request.
  Time since last request: 8.346023 seconds.
  path: Assets/Prefabs/Biome2.prefab
  artifactKey: Guid(6e01e7d0f78bd8a4e9350ab43e5227b6) Importer(815301076,1909f56bfc062723c751e8b465ee728b)
Number of updated assets reloaded before import = 0
Start importing Assets/Prefabs/Biome2.prefab using Guid(6e01e7d0f78bd8a4e9350ab43e5227b6) Importer(815301076,1909f56bfc062723c751e8b465ee728b)  -> (artifact id: 'dbb33ff311cb2708998109e3cb998718') in 0.010000 seconds 
Number of asset objects unloaded after import = 34
========================================================================
Received Import Request.
  Time since last request: 7.089336 seconds.
  path: Assets/FSP/Modular Pixel Forest/Materials/Temple/Pillar Bottom Snow.mat
  artifactKey: Guid(53a28f093e4c8c941b39bc1b09877c6b) Importer(815301076,1909f56bfc062723c751e8b465ee728b)
Number of updated assets reloaded before import = 0
Start importing Assets/FSP/Modular Pixel Forest/Materials/Temple/Pillar Bottom Snow.mat using Guid(53a28f093e4c8c941b39bc1b09877c6b) Importer(815301076,1909f56bfc062723c751e8b465ee728b)  -> (artifact id: '3a9d88f9879078ee7bcfe40ca5a44fa7') in 0.015422 seconds 
Number of asset objects unloaded after import = 6
========================================================================
Received Import Request.
  Time since last request: 57.028449 seconds.
  path: Assets/Prefabs/Biome1 Variant.prefab
  artifactKey: Guid(71e7b442f47f8474b8d4e70ee8b7b8b4) Importer(815301076,1909f56bfc062723c751e8b465ee728b)
Number of updated assets reloaded before import = 0
Start importing Assets/Prefabs/Biome1 Variant.prefab using Guid(71e7b442f47f8474b8d4e70ee8b7b8b4) Importer(815301076,1909f56bfc062723c751e8b465ee728b)  -> (artifact id: '20d104245a5933251a70d3e544726ceb') in 0.020347 seconds 
Number of asset objects unloaded after import = 44
========================================================================
Received Import Request.
  Time since last request: 8.185242 seconds.
  path: Assets/Prefabs/Biome3.prefab
  artifactKey: Guid(71e7b442f47f8474b8d4e70ee8b7b8b4) Importer(815301076,1909f56bfc062723c751e8b465ee728b)
Number of updated assets reloaded before import = 0
Start importing Assets/Prefabs/Biome3.prefab using Guid(71e7b442f47f8474b8d4e70ee8b7b8b4) Importer(815301076,1909f56bfc062723c751e8b465ee728b)  -> (artifact id: 'a95346956f7b7f16a8f0d63fca962fbf') in 0.019283 seconds 
Number of asset objects unloaded after import = 44
========================================================================
Received Import Request.
  Time since last request: 61.737414 seconds.
  path: Assets/Prefabs/Biome1 Variant.prefab
  artifactKey: Guid(8571ee0cce8100e47b63d8c8eed825da) Importer(815301076,1909f56bfc062723c751e8b465ee728b)
Number of updated assets reloaded before import = 0
Start importing Assets/Prefabs/Biome1 Variant.prefab using Guid(8571ee0cce8100e47b63d8c8eed825da) Importer(815301076,1909f56bfc062723c751e8b465ee728b)  -> (artifact id: '75927c5405065e4f4772353340a6055a') in 0.021632 seconds 
Number of asset objects unloaded after import = 54
========================================================================
Received Import Request.
  Time since last request: 7.018719 seconds.
  path: Assets/Prefabs/Biome4.prefab
  artifactKey: Guid(8571ee0cce8100e47b63d8c8eed825da) Importer(815301076,1909f56bfc062723c751e8b465ee728b)
Number of updated assets reloaded before import = 0
Start importing Assets/Prefabs/Biome4.prefab using Guid(8571ee0cce8100e47b63d8c8eed825da) Importer(815301076,1909f56bfc062723c751e8b465ee728b)  -> (artifact id: '36b4853d80bbab56477971c459a323d8') in 0.016524 seconds 
Number of asset objects unloaded after import = 54
========================================================================
Received Prepare
Begin MonoManager ReloadAssembly
- Loaded All Assemblies, in  0.826 seconds
Refreshing native plugins compatible for Editor in 2.44 ms, found 2 plugins.
Native extension for WindowsStandalone target not found
Mono: successfully reloaded assembly
- Finished resetting the current domain, in  0.678 seconds
Domain Reload Profiling:
	ReloadAssembly (236ms)
		BeginReloadAssembly (154ms)
			ExecutionOrderSort (0ms)
			DisableScriptedObjects (5ms)
			BackupInstance (0ms)
			ReleaseScriptingObjects (0ms)
			CreateAndSetChildDomain (61ms)
		LoadAllAssembliesAndSetupDomain (588ms)
			LoadAssemblies (262ms)
			RebuildTransferFunctionScriptingTraits (0ms)
			SetupTypeCache (378ms)
				TypeCache.Initialize (272ms)
					TypeCache.ScanAssembly (265ms)
				ResolveRequiredComponents (5ms)
		FinalizeReload (0ms)
			ReleaseScriptCaches (0ms)
			RebuildScriptCaches (0ms)
			SetupLoadedEditorAssemblies (342ms)
				LogAssemblyErrors (0ms)
				InitializePlatformSupportModulesInManaged (4ms)
				SetLoadedEditorAssemblies (5ms)
				RefreshPlugins (0ms)
				BeforeProcessingInitializeOnLoad (53ms)
				ProcessInitializeOnLoadAttributes (251ms)
				ProcessInitializeOnLoadMethodAttributes (26ms)
				AfterProcessingInitializeOnLoad (2ms)
				EditorAssembliesLoaded (0ms)
			ExecutionOrderSort2 (0ms)
			AwakeInstancesAfterBackupRestoration (6ms)
Refreshing native plugins compatible for Editor in 2.25 ms, found 2 plugins.
Preloading 0 native plugins for Editor in 0.00 ms.
Unloading 1815 Unused Serialized files (Serialized files now loaded: 0)
Unloading 21 unused Assets / (305.7 KB). Loaded Objects now: 2340.
Memory consumption went from 307.5 MB to 307.2 MB.
Total: 3.026700 ms (FindLiveObjects: 0.213800 ms CreateObjectMapping: 0.046700 ms MarkObjects: 2.564200 ms  DeleteObjects: 0.200600 ms)

AssetImportParameters requested are different than current active one (requested -> active):
  custom:video-decoder-webm-vp8: 9c59270c3fd7afecdb556c50c9e8de78 -> 
  custom:container-demuxer-ogg: 62fdf1f143b41e24485cea50d1cbac27 -> 
  custom:AudioImporter_EditorPlatform: d09bf68614088b80899f8185d706f6e7 -> 
  custom:video-decoder-ogg-theora: a1e56fd34408186e4bbccfd4996cb3dc -> 
  custom:framework-win-MediaFoundation: 216162199b28c13a410421893ffa2e32 -> 
  custom:video-encoder-webm-vp8: eb34c28f22e8b96e1ab97ce403110664 -> 
  custom:audio-decoder-ogg-vorbis: bf7c407c2cedff20999df2af8eb42d56 -> 
  custom:container-demuxer-webm: 4f35f7cbe854078d1ac9338744f61a02 -> 
  custom:audio-encoder-webm-vorbis: bf7c407c2cedff20999df2af8eb42d56 -> 
  custom:container-muxer-webm: aa71ff27fc2769a1b78a27578f13a17b -> 
========================================================================
Received Prepare
Begin MonoManager ReloadAssembly
- Loaded All Assemblies, in  0.816 seconds
Refreshing native plugins compatible for Editor in 4.84 ms, found 2 plugins.
Native extension for WindowsStandalone target not found
Mono: successfully reloaded assembly
- Finished resetting the current domain, in  0.786 seconds
Domain Reload Profiling:
	ReloadAssembly (231ms)
		BeginReloadAssembly (141ms)
			ExecutionOrderSort (0ms)
			DisableScriptedObjects (7ms)
			BackupInstance (0ms)
			ReleaseScriptingObjects (0ms)
			CreateAndSetChildDomain (44ms)
		LoadAllAssembliesAndSetupDomain (584ms)
			LoadAssemblies (248ms)
			RebuildTransferFunctionScriptingTraits (0ms)
			SetupTypeCache (389ms)
				TypeCache.Initialize (265ms)
					TypeCache.ScanAssembly (258ms)
				ResolveRequiredComponents (6ms)
		FinalizeReload (0ms)
			ReleaseScriptCaches (0ms)
			RebuildScriptCaches (0ms)
			SetupLoadedEditorAssemblies (402ms)
				LogAssemblyErrors (0ms)
				InitializePlatformSupportModulesInManaged (6ms)
				SetLoadedEditorAssemblies (7ms)
				RefreshPlugins (0ms)
				BeforeProcessingInitializeOnLoad (67ms)
				ProcessInitializeOnLoadAttributes (295ms)
				ProcessInitializeOnLoadMethodAttributes (24ms)
				AfterProcessingInitializeOnLoad (3ms)
				EditorAssembliesLoaded (0ms)
			ExecutionOrderSort2 (0ms)
			AwakeInstancesAfterBackupRestoration (8ms)
Refreshing native plugins compatible for Editor in 2.72 ms, found 2 plugins.
Preloading 0 native plugins for Editor in 0.00 ms.
Unloading 1816 Unused Serialized files (Serialized files now loaded: 0)
Unloading 21 unused Assets / (313.0 KB). Loaded Objects now: 2344.
Memory consumption went from 307.8 MB to 307.5 MB.
Total: 4.928900 ms (FindLiveObjects: 0.268800 ms CreateObjectMapping: 0.061600 ms MarkObjects: 4.391200 ms  DeleteObjects: 0.205500 ms)

AssetImportParameters requested are different than current active one (requested -> active):
  custom:video-decoder-webm-vp8: 9c59270c3fd7afecdb556c50c9e8de78 -> 
  custom:container-demuxer-ogg: 62fdf1f143b41e24485cea50d1cbac27 -> 
  custom:AudioImporter_EditorPlatform: d09bf68614088b80899f8185d706f6e7 -> 
  custom:video-decoder-ogg-theora: a1e56fd34408186e4bbccfd4996cb3dc -> 
  custom:framework-win-MediaFoundation: 216162199b28c13a410421893ffa2e32 -> 
  custom:video-encoder-webm-vp8: eb34c28f22e8b96e1ab97ce403110664 -> 
  custom:audio-decoder-ogg-vorbis: bf7c407c2cedff20999df2af8eb42d56 -> 
  custom:container-demuxer-webm: 4f35f7cbe854078d1ac9338744f61a02 -> 
  custom:audio-encoder-webm-vorbis: bf7c407c2cedff20999df2af8eb42d56 -> 
  custom:container-muxer-webm: aa71ff27fc2769a1b78a27578f13a17b -> 
========================================================================
Received Import Request.
  Time since last request: 72.312241 seconds.
  path: Assets/Scenes/SampleScene.unity
  artifactKey: Guid(9fc0d4010bbf28b4594072e72b8655ab) Importer(815301076,1909f56bfc062723c751e8b465ee728b)
Number of updated assets reloaded before import = 0
Start importing Assets/Scenes/SampleScene.unity using Guid(9fc0d4010bbf28b4594072e72b8655ab) Importer(815301076,1909f56bfc062723c751e8b465ee728b)  -> (artifact id: 'c33665d17221427e9a486b82196a57a6') in 0.001969 seconds 
Number of asset objects unloaded after import = 0
========================================================================
Received Import Request.
  Time since last request: 20.187058 seconds.
  path: Assets/Prefabs/Biome3.prefab
  artifactKey: Guid(71e7b442f47f8474b8d4e70ee8b7b8b4) Importer(815301076,1909f56bfc062723c751e8b465ee728b)
Number of updated assets reloaded before import = 0
Start importing Assets/Prefabs/Biome3.prefab using Guid(71e7b442f47f8474b8d4e70ee8b7b8b4) Importer(815301076,1909f56bfc062723c751e8b465ee728b)  -> (artifact id: 'a7a42df2ebd8674a7ff77c966aa77bb3') in 0.098939 seconds 
Number of asset objects unloaded after import = 44
========================================================================
Received Prepare
Begin MonoManager ReloadAssembly
- Loaded All Assemblies, in  0.748 seconds
Refreshing native plugins compatible for Editor in 2.57 ms, found 2 plugins.
Native extension for WindowsStandalone target not found
Mono: successfully reloaded assembly
- Finished resetting the current domain, in  0.615 seconds
Domain Reload Profiling:
	ReloadAssembly (216ms)
		BeginReloadAssembly (137ms)
			ExecutionOrderSort (0ms)
			DisableScriptedObjects (6ms)
			BackupInstance (0ms)
			ReleaseScriptingObjects (0ms)
			CreateAndSetChildDomain (47ms)
		LoadAllAssembliesAndSetupDomain (530ms)
			LoadAssemblies (228ms)
			RebuildTransferFunctionScriptingTraits (0ms)
			SetupTypeCache (352ms)
				TypeCache.Initialize (243ms)
					TypeCache.ScanAssembly (238ms)
				ResolveRequiredComponents (6ms)
		FinalizeReload (0ms)
			ReleaseScriptCaches (0ms)
			RebuildScriptCaches (0ms)
			SetupLoadedEditorAssemblies (299ms)
				LogAssemblyErrors (0ms)
				InitializePlatformSupportModulesInManaged (3ms)
				SetLoadedEditorAssemblies (4ms)
				RefreshPlugins (0ms)
				BeforeProcessingInitializeOnLoad (46ms)
				ProcessInitializeOnLoadAttributes (223ms)
				ProcessInitializeOnLoadMethodAttributes (21ms)
				AfterProcessingInitializeOnLoad (3ms)
				EditorAssembliesLoaded (0ms)
			ExecutionOrderSort2 (0ms)
			AwakeInstancesAfterBackupRestoration (7ms)
Refreshing native plugins compatible for Editor in 2.67 ms, found 2 plugins.
Preloading 0 native plugins for Editor in 0.00 ms.
Unloading 1815 Unused Serialized files (Serialized files now loaded: 0)
Unloading 21 unused Assets / (305.1 KB). Loaded Objects now: 2348.
Memory consumption went from 307.6 MB to 307.3 MB.
Total: 2.888700 ms (FindLiveObjects: 0.160000 ms CreateObjectMapping: 0.043700 ms MarkObjects: 2.512800 ms  DeleteObjects: 0.171300 ms)

AssetImportParameters requested are different than current active one (requested -> active):
  custom:video-decoder-webm-vp8: 9c59270c3fd7afecdb556c50c9e8de78 -> 
  custom:container-demuxer-ogg: 62fdf1f143b41e24485cea50d1cbac27 -> 
  custom:AudioImporter_EditorPlatform: d09bf68614088b80899f8185d706f6e7 -> 
  custom:video-decoder-ogg-theora: a1e56fd34408186e4bbccfd4996cb3dc -> 
  custom:framework-win-MediaFoundation: 216162199b28c13a410421893ffa2e32 -> 
  custom:video-encoder-webm-vp8: eb34c28f22e8b96e1ab97ce403110664 -> 
  custom:audio-decoder-ogg-vorbis: bf7c407c2cedff20999df2af8eb42d56 -> 
  custom:container-demuxer-webm: 4f35f7cbe854078d1ac9338744f61a02 -> 
  custom:audio-encoder-webm-vorbis: bf7c407c2cedff20999df2af8eb42d56 -> 
  custom:container-muxer-webm: aa71ff27fc2769a1b78a27578f13a17b -> 
========================================================================
Received Import Request.
  Time since last request: 180.486964 seconds.
  path: Assets/Scenes/SampleScene.unity
  artifactKey: Guid(9fc0d4010bbf28b4594072e72b8655ab) Importer(815301076,1909f56bfc062723c751e8b465ee728b)
Number of updated assets reloaded before import = 0
Start importing Assets/Scenes/SampleScene.unity using Guid(9fc0d4010bbf28b4594072e72b8655ab) Importer(815301076,1909f56bfc062723c751e8b465ee728b)  -> (artifact id: 'd67fd02e97ed861b895a173422af9049') in 0.003383 seconds 
Number of asset objects unloaded after import = 0
========================================================================
Received Prepare
Begin MonoManager ReloadAssembly
- Loaded All Assemblies, in  0.722 seconds
Refreshing native plugins compatible for Editor in 2.70 ms, found 2 plugins.
Native extension for WindowsStandalone target not found
Mono: successfully reloaded assembly
- Finished resetting the current domain, in  0.788 seconds
Domain Reload Profiling:
	ReloadAssembly (201ms)
		BeginReloadAssembly (126ms)
			ExecutionOrderSort (0ms)
			DisableScriptedObjects (7ms)
			BackupInstance (0ms)
			ReleaseScriptingObjects (0ms)
			CreateAndSetChildDomain (39ms)
		LoadAllAssembliesAndSetupDomain (521ms)
			LoadAssemblies (212ms)
			RebuildTransferFunctionScriptingTraits (0ms)
			SetupTypeCache (355ms)
				TypeCache.Initialize (245ms)
					TypeCache.ScanAssembly (238ms)
				ResolveRequiredComponents (6ms)
		FinalizeReload (0ms)
			ReleaseScriptCaches (0ms)
			RebuildScriptCaches (0ms)
			SetupLoadedEditorAssemblies (372ms)
				LogAssemblyErrors (0ms)
				InitializePlatformSupportModulesInManaged (5ms)
				SetLoadedEditorAssemblies (7ms)
				RefreshPlugins (0ms)
				BeforeProcessingInitializeOnLoad (55ms)
				ProcessInitializeOnLoadAttributes (275ms)
				ProcessInitializeOnLoadMethodAttributes (27ms)
				AfterProcessingInitializeOnLoad (2ms)
				EditorAssembliesLoaded (0ms)
			ExecutionOrderSort2 (0ms)
			AwakeInstancesAfterBackupRestoration (7ms)
Refreshing native plugins compatible for Editor in 3.54 ms, found 2 plugins.
Preloading 0 native plugins for Editor in 0.00 ms.
Unloading 1815 Unused Serialized files (Serialized files now loaded: 0)
Unloading 21 unused Assets / (305.0 KB). Loaded Objects now: 2352.
Memory consumption went from 307.6 MB to 307.3 MB.
Total: 3.953000 ms (FindLiveObjects: 0.279800 ms CreateObjectMapping: 0.062800 ms MarkObjects: 3.348100 ms  DeleteObjects: 0.260200 ms)

AssetImportParameters requested are different than current active one (requested -> active):
  custom:video-decoder-webm-vp8: 9c59270c3fd7afecdb556c50c9e8de78 -> 
  custom:container-demuxer-ogg: 62fdf1f143b41e24485cea50d1cbac27 -> 
  custom:AudioImporter_EditorPlatform: d09bf68614088b80899f8185d706f6e7 -> 
  custom:video-decoder-ogg-theora: a1e56fd34408186e4bbccfd4996cb3dc -> 
  custom:framework-win-MediaFoundation: 216162199b28c13a410421893ffa2e32 -> 
  custom:video-encoder-webm-vp8: eb34c28f22e8b96e1ab97ce403110664 -> 
  custom:audio-decoder-ogg-vorbis: bf7c407c2cedff20999df2af8eb42d56 -> 
  custom:container-demuxer-webm: 4f35f7cbe854078d1ac9338744f61a02 -> 
  custom:audio-encoder-webm-vorbis: bf7c407c2cedff20999df2af8eb42d56 -> 
  custom:container-muxer-webm: aa71ff27fc2769a1b78a27578f13a17b -> 
