Using pre-set license
Built from '2022.2/staging' branch; Version is '2022.2.4f1 (8216e0211249) revision 8525536'; Using compiler version '192829333'; Build Type 'Release'
OS: 'Windows 11  (10.0.22621) 64bit Professional' Language: 'fr' Physical Memory: 16310 MB
BatchMode: 1, IsHumanControllingUs: 0, StartBugReporterOnCrash: 0, Is64bit: 1, IsPro: 1

COMMAND LINE ARGUMENTS:
D:\2022.2.4f1-x86_64\Editor\Unity.exe
-adb2
-batchMode
-noUpm
-name
AssetImportWorker2
-projectPath
C:/Users/olivi/Documents/Galactic/Galactic
-logFile
Logs/AssetImportWorker2.log
-srvPort
53546
Successfully changed project path to: C:/Users/olivi/Documents/Galactic/Galactic
C:/Users/olivi/Documents/Galactic/Galactic
[UnityMemory] Configuration Parameters - Can be set up in boot.config
    "memorysetup-bucket-allocator-granularity=16"
    "memorysetup-bucket-allocator-bucket-count=8"
    "memorysetup-bucket-allocator-block-size=33554432"
    "memorysetup-bucket-allocator-block-count=8"
    "memorysetup-main-allocator-block-size=16777216"
    "memorysetup-thread-allocator-block-size=16777216"
    "memorysetup-gfx-main-allocator-block-size=16777216"
    "memorysetup-gfx-thread-allocator-block-size=16777216"
    "memorysetup-cache-allocator-block-size=4194304"
    "memorysetup-typetree-allocator-block-size=2097152"
    "memorysetup-profiler-bucket-allocator-granularity=16"
    "memorysetup-profiler-bucket-allocator-bucket-count=8"
    "memorysetup-profiler-bucket-allocator-block-size=33554432"
    "memorysetup-profiler-bucket-allocator-block-count=8"
    "memorysetup-profiler-allocator-block-size=16777216"
    "memorysetup-profiler-editor-allocator-block-size=1048576"
    "memorysetup-temp-allocator-size-main=16777216"
    "memorysetup-job-temp-allocator-block-size=2097152"
    "memorysetup-job-temp-allocator-block-size-background=1048576"
    "memorysetup-job-temp-allocator-reduction-small-platforms=262144"
    "memorysetup-temp-allocator-size-background-worker=32768"
    "memorysetup-temp-allocator-size-job-worker=262144"
    "memorysetup-temp-allocator-size-preload-manager=33554432"
    "memorysetup-temp-allocator-size-nav-mesh-worker=65536"
    "memorysetup-temp-allocator-size-audio-worker=65536"
    "memorysetup-temp-allocator-size-cloud-worker=32768"
    "memorysetup-temp-allocator-size-gi-baking-worker=262144"
    "memorysetup-temp-allocator-size-gfx=262144"
Player connection [44328] Host "[IP] 192.168.1.71 [Port] 0 [Flags] 2 [Guid] 2513355345 [EditorId] 2513355345 [Version] 1048832 [Id] WindowsEditor(7,olivier-14) [Debug] 1 [PackageName] WindowsEditor [ProjectName] Editor" joined multi-casting on [225.0.0.222:54997]...

Player connection [44328] Host "[IP] 192.168.1.71 [Port] 0 [Flags] 2 [Guid] 2513355345 [EditorId] 2513355345 [Version] 1048832 [Id] WindowsEditor(7,olivier-14) [Debug] 1 [PackageName] WindowsEditor [ProjectName] Editor" joined alternative multi-casting on [225.0.0.222:34997]...

Refreshing native plugins compatible for Editor in 190.45 ms, found 2 plugins.
Preloading 0 native plugins for Editor in 0.00 ms.
Initialize engine version: 2022.2.4f1 (8216e0211249)
[Subsystems] Discovering subsystems at path D:/2022.2.4f1-x86_64/Editor/Data/Resources/UnitySubsystems
[Subsystems] Discovering subsystems at path C:/Users/olivi/Documents/Galactic/Galactic/Assets
GfxDevice: creating device client; threaded=0; jobified=0
Direct3D:
    Version:  Direct3D 11.0 [level 11.1]
    Renderer: NVIDIA GeForce RTX 2080 SUPER (ID=0x1e81)
    Vendor:   NVIDIA
    VRAM:     8001 MB
    Driver:   31.0.15.3118
Initialize mono
Mono path[0] = 'D:/2022.2.4f1-x86_64/Editor/Data/Managed'
Mono path[1] = 'D:/2022.2.4f1-x86_64/Editor/Data/MonoBleedingEdge/lib/mono/unityjit-win32'
Mono config path = 'D:/2022.2.4f1-x86_64/Editor/Data/MonoBleedingEdge/etc'
Using monoOptions --debugger-agent=transport=dt_socket,embedding=1,server=y,suspend=n,address=127.0.0.1:56924
Begin MonoManager ReloadAssembly
Registering precompiled unity dll's ...
Register platform support module: D:/2022.2.4f1-x86_64/Editor/Data/PlaybackEngines/WindowsStandaloneSupport/UnityEditor.WindowsStandalone.Extensions.dll
Registered in 0.002305 seconds.
- Loaded All Assemblies, in  0.625 seconds
Native extension for WindowsStandalone target not found
Mono: successfully reloaded assembly
- Finished resetting the current domain, in  0.321 seconds
Domain Reload Profiling:
	ReloadAssembly (312ms)
		BeginReloadAssembly (64ms)
			ExecutionOrderSort (0ms)
			DisableScriptedObjects (0ms)
			BackupInstance (0ms)
			ReleaseScriptingObjects (0ms)
			CreateAndSetChildDomain (1ms)
		LoadAllAssembliesAndSetupDomain (0ms)
			LoadAssemblies (63ms)
			RebuildTransferFunctionScriptingTraits (0ms)
			SetupTypeCache (309ms)
				TypeCache.Initialize (309ms)
					TypeCache.ScanAssembly (306ms)
				ResolveRequiredComponents (1ms)
		FinalizeReload (0ms)
			ReleaseScriptCaches (0ms)
			RebuildScriptCaches (0ms)
			SetupLoadedEditorAssemblies (250ms)
				LogAssemblyErrors (0ms)
				InitializePlatformSupportModulesInManaged (8ms)
				SetLoadedEditorAssemblies (9ms)
				RefreshPlugins (0ms)
				BeforeProcessingInitializeOnLoad (1ms)
				ProcessInitializeOnLoadAttributes (151ms)
				ProcessInitializeOnLoadMethodAttributes (82ms)
				AfterProcessingInitializeOnLoad (0ms)
				EditorAssembliesLoaded (0ms)
			ExecutionOrderSort2 (0ms)
			AwakeInstancesAfterBackupRestoration (0ms)
========================================================================
Worker process is ready to serve import requests
Begin MonoManager ReloadAssembly
- Loaded All Assemblies, in  0.844 seconds
Refreshing native plugins compatible for Editor in 3.03 ms, found 2 plugins.
Native extension for WindowsStandalone target not found
Mono: successfully reloaded assembly
- Finished resetting the current domain, in  0.499 seconds
Domain Reload Profiling:
	ReloadAssembly (214ms)
		BeginReloadAssembly (117ms)
			ExecutionOrderSort (0ms)
			DisableScriptedObjects (6ms)
			BackupInstance (0ms)
			ReleaseScriptingObjects (0ms)
			CreateAndSetChildDomain (24ms)
		LoadAllAssembliesAndSetupDomain (630ms)
			LoadAssemblies (226ms)
			RebuildTransferFunctionScriptingTraits (0ms)
			SetupTypeCache (456ms)
				TypeCache.Initialize (341ms)
					TypeCache.ScanAssembly (337ms)
				ResolveRequiredComponents (6ms)
		FinalizeReload (0ms)
			ReleaseScriptCaches (0ms)
			RebuildScriptCaches (0ms)
			SetupLoadedEditorAssemblies (343ms)
				LogAssemblyErrors (0ms)
				InitializePlatformSupportModulesInManaged (4ms)
				SetLoadedEditorAssemblies (4ms)
				RefreshPlugins (0ms)
				BeforeProcessingInitializeOnLoad (48ms)
				ProcessInitializeOnLoadAttributes (261ms)
				ProcessInitializeOnLoadMethodAttributes (23ms)
				AfterProcessingInitializeOnLoad (2ms)
				EditorAssembliesLoaded (0ms)
			ExecutionOrderSort2 (0ms)
			AwakeInstancesAfterBackupRestoration (6ms)
Launched and connected shader compiler UnityShaderCompiler.exe after 0.10 seconds
Refreshing native plugins compatible for Editor in 2.68 ms, found 2 plugins.
Preloading 0 native plugins for Editor in 0.00 ms.
Unloading 1826 Unused Serialized files (Serialized files now loaded: 0)
Unloading 27 unused Assets / (340.6 KB). Loaded Objects now: 2290.
Memory consumption went from 304.7 MB to 304.4 MB.
Total: 3.656500 ms (FindLiveObjects: 0.240400 ms CreateObjectMapping: 0.055800 ms MarkObjects: 3.138700 ms  DeleteObjects: 0.220500 ms)

AssetImportParameters requested are different than current active one (requested -> active):
  custom:video-decoder-webm-vp8: 9c59270c3fd7afecdb556c50c9e8de78 -> 
  custom:container-demuxer-ogg: 62fdf1f143b41e24485cea50d1cbac27 -> 
  custom:AudioImporter_EditorPlatform: d09bf68614088b80899f8185d706f6e7 -> 
  custom:video-decoder-ogg-theora: a1e56fd34408186e4bbccfd4996cb3dc -> 
  custom:framework-win-MediaFoundation: 216162199b28c13a410421893ffa2e32 -> 
  custom:video-encoder-webm-vp8: eb34c28f22e8b96e1ab97ce403110664 -> 
  custom:audio-decoder-ogg-vorbis: bf7c407c2cedff20999df2af8eb42d56 -> 
  custom:container-demuxer-webm: 4f35f7cbe854078d1ac9338744f61a02 -> 
  custom:audio-encoder-webm-vorbis: bf7c407c2cedff20999df2af8eb42d56 -> 
  custom:container-muxer-webm: aa71ff27fc2769a1b78a27578f13a17b -> 
========================================================================
Received Import Request.
  Time since last request: 276724.996652 seconds.
  path: Assets/Prefabs/Water Variant.prefab
  artifactKey: Guid(30053395100d04340aafa05ec0b73970) Importer(815301076,1909f56bfc062723c751e8b465ee728b)
Number of updated assets reloaded before import = 0
Start importing Assets/Prefabs/Water Variant.prefab using Guid(30053395100d04340aafa05ec0b73970) Importer(815301076,1909f56bfc062723c751e8b465ee728b)  -> (artifact id: '949d238c5648e5cc1257589f1c6bc6b2') in 0.138832 seconds 
Number of asset objects unloaded after import = 24
========================================================================
Received Import Request.
  Time since last request: 16.961176 seconds.
  path: Assets/FSP/Modular Pixel Forest/Materials/Materials
  artifactKey: Guid(0e37637de2027f440b76558387d7239a) Importer(815301076,1909f56bfc062723c751e8b465ee728b)
Number of updated assets reloaded before import = 0
Start importing Assets/FSP/Modular Pixel Forest/Materials/Materials using Guid(0e37637de2027f440b76558387d7239a) Importer(815301076,1909f56bfc062723c751e8b465ee728b)  -> (artifact id: 'ed64b3de718f766b8655986171234799') in 0.000559 seconds 
Number of asset objects unloaded after import = 0
========================================================================
Received Import Request.
  Time since last request: 0.098293 seconds.
  path: Assets/FSP/Modular Pixel Forest/Materials/Materials/dirt ramp snow.mat
  artifactKey: Guid(a5353e35e3781a54c9ff468e1a19f34b) Importer(815301076,1909f56bfc062723c751e8b465ee728b)
Number of updated assets reloaded before import = 0
Start importing Assets/FSP/Modular Pixel Forest/Materials/Materials/dirt ramp snow.mat using Guid(a5353e35e3781a54c9ff468e1a19f34b) Importer(815301076,1909f56bfc062723c751e8b465ee728b)  -> (artifact id: 'fe8e5821932d6350bda94f4405dd9810') in 0.055828 seconds 
Number of asset objects unloaded after import = 2
========================================================================
Received Import Request.
  Time since last request: 2.114462 seconds.
  path: Assets/FSP/Modular Pixel Forest/Materials/Props
  artifactKey: Guid(2f44a25300971f543b2506b818573d18) Importer(815301076,1909f56bfc062723c751e8b465ee728b)
Number of updated assets reloaded before import = 0
Start importing Assets/FSP/Modular Pixel Forest/Materials/Props using Guid(2f44a25300971f543b2506b818573d18) Importer(815301076,1909f56bfc062723c751e8b465ee728b)  -> (artifact id: 'dfd9dab8db1c69ab8f8199bfefe5551b') in 0.000530 seconds 
Number of asset objects unloaded after import = 0
========================================================================
Received Import Request.
  Time since last request: 0.069536 seconds.
  path: Assets/FSP/Modular Pixel Forest/Materials/Props/Boulder.mat
  artifactKey: Guid(ec5c522c89971374d9fade62781b3117) Importer(815301076,1909f56bfc062723c751e8b465ee728b)
Number of updated assets reloaded before import = 0
Start importing Assets/FSP/Modular Pixel Forest/Materials/Props/Boulder.mat using Guid(ec5c522c89971374d9fade62781b3117) Importer(815301076,1909f56bfc062723c751e8b465ee728b)  -> (artifact id: '68a01008bd9e66a177d009681caca839') in 0.017214 seconds 
Number of asset objects unloaded after import = 2
========================================================================
Received Import Request.
  Time since last request: 0.000600 seconds.
  path: Assets/FSP/Modular Pixel Forest/Materials/Props/Fence Post.mat
  artifactKey: Guid(4c3db3f3fe50e754e8021ea7059d3bd9) Importer(815301076,1909f56bfc062723c751e8b465ee728b)
Number of updated assets reloaded before import = 0
Start importing Assets/FSP/Modular Pixel Forest/Materials/Props/Fence Post.mat using Guid(4c3db3f3fe50e754e8021ea7059d3bd9) Importer(815301076,1909f56bfc062723c751e8b465ee728b)  -> (artifact id: 'fecb79578fc2b4df9efbc1c9250a278f') in 0.021941 seconds 
Number of asset objects unloaded after import = 2
========================================================================
Received Import Request.
  Time since last request: 0.000022 seconds.
  path: Assets/FSP/Modular Pixel Forest/Materials/Props/Fence Rail Snow.mat
  artifactKey: Guid(88421fa3ae51afc409777b12277bca15) Importer(815301076,1909f56bfc062723c751e8b465ee728b)
Number of updated assets reloaded before import = 0
Start importing Assets/FSP/Modular Pixel Forest/Materials/Props/Fence Rail Snow.mat using Guid(88421fa3ae51afc409777b12277bca15) Importer(815301076,1909f56bfc062723c751e8b465ee728b)  -> (artifact id: 'cc76ab0e6d396ddea592c0643913874c') in 0.019482 seconds 
Number of asset objects unloaded after import = 2
========================================================================
Received Import Request.
  Time since last request: 0.002916 seconds.
  path: Assets/FSP/Modular Pixel Forest/Materials/Props/Sign Help.mat
  artifactKey: Guid(e2f245a6d5f07a943b5609f7edefdb9f) Importer(815301076,1909f56bfc062723c751e8b465ee728b)
Number of updated assets reloaded before import = 0
Start importing Assets/FSP/Modular Pixel Forest/Materials/Props/Sign Help.mat using Guid(e2f245a6d5f07a943b5609f7edefdb9f) Importer(815301076,1909f56bfc062723c751e8b465ee728b)  -> (artifact id: '8b349301e2687e18f1b3a537a14e22d6') in 0.026674 seconds 
Number of asset objects unloaded after import = 2
========================================================================
Received Import Request.
  Time since last request: 2.234773 seconds.
  path: Assets/FSP/Modular Pixel Forest/Materials/Temple
  artifactKey: Guid(89a1ea09a23836f458dffcb89dbd1d61) Importer(815301076,1909f56bfc062723c751e8b465ee728b)
Number of updated assets reloaded before import = 0
Start importing Assets/FSP/Modular Pixel Forest/Materials/Temple using Guid(89a1ea09a23836f458dffcb89dbd1d61) Importer(815301076,1909f56bfc062723c751e8b465ee728b)  -> (artifact id: '8a528f1060f4783a7467d2f42c9fc501') in 0.000925 seconds 
Number of asset objects unloaded after import = 0
========================================================================
Received Import Request.
  Time since last request: 2.314066 seconds.
  path: Assets/FSP/Modular Pixel Forest/Materials
  artifactKey: Guid(15e76412d52eb3044aeaf21ba340a251) Importer(815301076,1909f56bfc062723c751e8b465ee728b)
Number of updated assets reloaded before import = 0
Start importing Assets/FSP/Modular Pixel Forest/Materials using Guid(15e76412d52eb3044aeaf21ba340a251) Importer(815301076,1909f56bfc062723c751e8b465ee728b)  -> (artifact id: '42cb3234ba43f7514a52ad9e9b51cbb4') in 0.000539 seconds 
Number of asset objects unloaded after import = 0
========================================================================
Received Import Request.
  Time since last request: 2.437857 seconds.
  path: Assets/FSP/Modular Pixel Forest/Materials/Textures
  artifactKey: Guid(0c29936a802988a40bc6ed65fa02e5d2) Importer(815301076,1909f56bfc062723c751e8b465ee728b)
Number of updated assets reloaded before import = 0
Start importing Assets/FSP/Modular Pixel Forest/Materials/Textures using Guid(0c29936a802988a40bc6ed65fa02e5d2) Importer(815301076,1909f56bfc062723c751e8b465ee728b)  -> (artifact id: '64b381a0b2beb2ab70d9eb4264422770') in 0.000581 seconds 
Number of asset objects unloaded after import = 0
========================================================================
Received Import Request.
  Time since last request: 0.206392 seconds.
  path: Assets/FSP/Modular Pixel Forest/Materials/Textures/boulder.png
  artifactKey: Guid(ce9c3fac12b2e35449f4c5ae97aabee5) Importer(815301076,1909f56bfc062723c751e8b465ee728b)
Number of updated assets reloaded before import = 0
Start importing Assets/FSP/Modular Pixel Forest/Materials/Textures/boulder.png using Guid(ce9c3fac12b2e35449f4c5ae97aabee5) Importer(815301076,1909f56bfc062723c751e8b465ee728b)  -> (artifact id: '0270a6855c20a91f5af2402ad5d226d7') in 0.022210 seconds 
Number of asset objects unloaded after import = 2
========================================================================
Received Import Request.
  Time since last request: 0.000020 seconds.
  path: Assets/FSP/Modular Pixel Forest/Materials/Textures/grass block snow.png
  artifactKey: Guid(c18650c9f7dbc6946a04bb122a965afa) Importer(815301076,1909f56bfc062723c751e8b465ee728b)
Number of updated assets reloaded before import = 0
Start importing Assets/FSP/Modular Pixel Forest/Materials/Textures/grass block snow.png using Guid(c18650c9f7dbc6946a04bb122a965afa) Importer(815301076,1909f56bfc062723c751e8b465ee728b)  -> (artifact id: 'e4897b269f1df5f02c06ee4b12bca017') in 0.010680 seconds 
Number of asset objects unloaded after import = 2
========================================================================
Received Import Request.
  Time since last request: 0.000024 seconds.
  path: Assets/FSP/Modular Pixel Forest/Materials/Textures/fence rail.png
  artifactKey: Guid(b9eab6eb674cf6243b2b209d13f6edea) Importer(815301076,1909f56bfc062723c751e8b465ee728b)
Number of updated assets reloaded before import = 0
Start importing Assets/FSP/Modular Pixel Forest/Materials/Textures/fence rail.png using Guid(b9eab6eb674cf6243b2b209d13f6edea) Importer(815301076,1909f56bfc062723c751e8b465ee728b)  -> (artifact id: '26a026fd0541caaaaf14287051e1461c') in 0.013182 seconds 
Number of asset objects unloaded after import = 2
========================================================================
Received Import Request.
  Time since last request: 0.000022 seconds.
  path: Assets/FSP/Modular Pixel Forest/Materials/Textures/fence post.png
  artifactKey: Guid(7aba0851a8cea314fb227c9bcd91d341) Importer(815301076,1909f56bfc062723c751e8b465ee728b)
Number of updated assets reloaded before import = 0
Start importing Assets/FSP/Modular Pixel Forest/Materials/Textures/fence post.png using Guid(7aba0851a8cea314fb227c9bcd91d341) Importer(815301076,1909f56bfc062723c751e8b465ee728b)  -> (artifact id: 'e7cfef5a46a1aca7d0848ff2924a64b5') in 0.010393 seconds 
Number of asset objects unloaded after import = 2
========================================================================
Received Import Request.
  Time since last request: 0.000035 seconds.
  path: Assets/FSP/Modular Pixel Forest/Materials/Textures/grass hill straight green.png
  artifactKey: Guid(e281cd2e2189eb941b42267ef53834c8) Importer(815301076,1909f56bfc062723c751e8b465ee728b)
Number of updated assets reloaded before import = 0
Start importing Assets/FSP/Modular Pixel Forest/Materials/Textures/grass hill straight green.png using Guid(e281cd2e2189eb941b42267ef53834c8) Importer(815301076,1909f56bfc062723c751e8b465ee728b)  -> (artifact id: '930035f950406f6b1a3ab5edc60f22fb') in 0.012172 seconds 
Number of asset objects unloaded after import = 2
========================================================================
Received Import Request.
  Time since last request: 0.000020 seconds.
  path: Assets/FSP/Modular Pixel Forest/Materials/Textures/leaves point down green.png
  artifactKey: Guid(3f15857cf6dee3f4eabc40bbd29a65a8) Importer(815301076,1909f56bfc062723c751e8b465ee728b)
Number of updated assets reloaded before import = 0
Start importing Assets/FSP/Modular Pixel Forest/Materials/Textures/leaves point down green.png using Guid(3f15857cf6dee3f4eabc40bbd29a65a8) Importer(815301076,1909f56bfc062723c751e8b465ee728b)  -> (artifact id: '1942ffc373a9a8c736144dfd836236f9') in 0.012215 seconds 
Number of asset objects unloaded after import = 2
========================================================================
Received Import Request.
  Time since last request: 0.000016 seconds.
  path: Assets/FSP/Modular Pixel Forest/Materials/Textures/grass hill straight snow.png
  artifactKey: Guid(ea328ad53e1ac534f946a74e5498ec04) Importer(815301076,1909f56bfc062723c751e8b465ee728b)
Number of updated assets reloaded before import = 0
Start importing Assets/FSP/Modular Pixel Forest/Materials/Textures/grass hill straight snow.png using Guid(ea328ad53e1ac534f946a74e5498ec04) Importer(815301076,1909f56bfc062723c751e8b465ee728b)  -> (artifact id: '8bf44302b0de13229e5716ff84930fa9') in 0.009673 seconds 
Number of asset objects unloaded after import = 2
========================================================================
Received Import Request.
  Time since last request: 0.000018 seconds.
  path: Assets/FSP/Modular Pixel Forest/Materials/Textures/leaves point up green.png
  artifactKey: Guid(2d59faef01e644f47a40a56cdcdc6721) Importer(815301076,1909f56bfc062723c751e8b465ee728b)
Number of updated assets reloaded before import = 0
Start importing Assets/FSP/Modular Pixel Forest/Materials/Textures/leaves point up green.png using Guid(2d59faef01e644f47a40a56cdcdc6721) Importer(815301076,1909f56bfc062723c751e8b465ee728b)  -> (artifact id: 'a454006f4e97556b3d96807e3f20816a') in 0.010659 seconds 
Number of asset objects unloaded after import = 2
========================================================================
Received Import Request.
  Time since last request: 0.000022 seconds.
  path: Assets/FSP/Modular Pixel Forest/Materials/Textures/leaves sphere gold.png
  artifactKey: Guid(9ef9d9311d120dd4eb27e1887e3c0b91) Importer(815301076,1909f56bfc062723c751e8b465ee728b)
Number of updated assets reloaded before import = 0
Start importing Assets/FSP/Modular Pixel Forest/Materials/Textures/leaves sphere gold.png using Guid(9ef9d9311d120dd4eb27e1887e3c0b91) Importer(815301076,1909f56bfc062723c751e8b465ee728b)  -> (artifact id: '05f3f25da62f0d708d950d271f1ce47f') in 0.010964 seconds 
Number of asset objects unloaded after import = 2
========================================================================
Received Import Request.
  Time since last request: 0.000343 seconds.
  path: Assets/FSP/Modular Pixel Forest/Materials/Textures/leaves sphere red.png
  artifactKey: Guid(8b5c3c6b5057f6147bb3c97e5a2cdf42) Importer(815301076,1909f56bfc062723c751e8b465ee728b)
Number of updated assets reloaded before import = 0
Start importing Assets/FSP/Modular Pixel Forest/Materials/Textures/leaves sphere red.png using Guid(8b5c3c6b5057f6147bb3c97e5a2cdf42) Importer(815301076,1909f56bfc062723c751e8b465ee728b)  -> (artifact id: 'cb584b7aa85fac62254d84b771f618a6') in 0.010500 seconds 
Number of asset objects unloaded after import = 2
========================================================================
Received Import Request.
  Time since last request: 0.000022 seconds.
  path: Assets/FSP/Modular Pixel Forest/Materials/Textures/pillar base.png
  artifactKey: Guid(c46098ee476da9645be1d0bed0c54e53) Importer(815301076,1909f56bfc062723c751e8b465ee728b)
Number of updated assets reloaded before import = 0
Start importing Assets/FSP/Modular Pixel Forest/Materials/Textures/pillar base.png using Guid(c46098ee476da9645be1d0bed0c54e53) Importer(815301076,1909f56bfc062723c751e8b465ee728b)  -> (artifact id: 'eb25ae2a302f3a4abf20d7b81742afe3') in 0.011250 seconds 
Number of asset objects unloaded after import = 2
========================================================================
Received Import Request.
  Time since last request: 0.000683 seconds.
  path: Assets/FSP/Modular Pixel Forest/Materials/Textures/pillar center link.png
  artifactKey: Guid(b0da0601d783e5742b4519a964e98e3d) Importer(815301076,1909f56bfc062723c751e8b465ee728b)
Number of updated assets reloaded before import = 0
Start importing Assets/FSP/Modular Pixel Forest/Materials/Textures/pillar center link.png using Guid(b0da0601d783e5742b4519a964e98e3d) Importer(815301076,1909f56bfc062723c751e8b465ee728b)  -> (artifact id: 'eaa3c7293dadfa720e08b0f0a44c5dc5') in 0.009208 seconds 
Number of asset objects unloaded after import = 2
========================================================================
Received Import Request.
  Time since last request: 0.000017 seconds.
  path: Assets/FSP/Modular Pixel Forest/Materials/Textures/pillar top.png
  artifactKey: Guid(0eee820abd5dd904cb2988a8d55b8328) Importer(815301076,1909f56bfc062723c751e8b465ee728b)
Number of updated assets reloaded before import = 0
Start importing Assets/FSP/Modular Pixel Forest/Materials/Textures/pillar top.png using Guid(0eee820abd5dd904cb2988a8d55b8328) Importer(815301076,1909f56bfc062723c751e8b465ee728b)  -> (artifact id: 'ae76dae810dd909a7ac7ecb5ed0bc5ed') in 0.009651 seconds 
Number of asset objects unloaded after import = 2
========================================================================
Received Import Request.
  Time since last request: 0.000020 seconds.
  path: Assets/FSP/Modular Pixel Forest/Materials/Textures/temple block center.png
  artifactKey: Guid(675c698034320b04a9b2ed14af472cf5) Importer(815301076,1909f56bfc062723c751e8b465ee728b)
Number of updated assets reloaded before import = 0
Start importing Assets/FSP/Modular Pixel Forest/Materials/Textures/temple block center.png using Guid(675c698034320b04a9b2ed14af472cf5) Importer(815301076,1909f56bfc062723c751e8b465ee728b)  -> (artifact id: 'b1d1510cf11bf972b3f331fa3dc0098f') in 0.011145 seconds 
Number of asset objects unloaded after import = 2
========================================================================
Received Import Request.
  Time since last request: 0.000022 seconds.
  path: Assets/FSP/Modular Pixel Forest/Materials/Textures/temple steps.png
  artifactKey: Guid(d30df8698ce79d0458aa02793e35e305) Importer(815301076,1909f56bfc062723c751e8b465ee728b)
Number of updated assets reloaded before import = 0
Start importing Assets/FSP/Modular Pixel Forest/Materials/Textures/temple steps.png using Guid(d30df8698ce79d0458aa02793e35e305) Importer(815301076,1909f56bfc062723c751e8b465ee728b)  -> (artifact id: '80e489b8d3f61c69136143832e17f513') in 0.010906 seconds 
Number of asset objects unloaded after import = 2
========================================================================
Received Import Request.
  Time since last request: 0.000020 seconds.
  path: Assets/FSP/Modular Pixel Forest/Materials/Textures/temple block center snow.png
  artifactKey: Guid(486c738e3eb85dc4c88a714f33d22697) Importer(815301076,1909f56bfc062723c751e8b465ee728b)
Number of updated assets reloaded before import = 0
Start importing Assets/FSP/Modular Pixel Forest/Materials/Textures/temple block center snow.png using Guid(486c738e3eb85dc4c88a714f33d22697) Importer(815301076,1909f56bfc062723c751e8b465ee728b)  -> (artifact id: 'ae24efef1c07dce3fbc2940954322f8d') in 0.017578 seconds 
Number of asset objects unloaded after import = 2
========================================================================
Received Import Request.
  Time since last request: 18.547782 seconds.
  path: Assets/FSP/Modular Pixel Forest/Materials/Terrain/Dirt Block.mat
  artifactKey: Guid(a2fbaf827a7762144a54d7b7b7b8d4f5) Importer(815301076,1909f56bfc062723c751e8b465ee728b)
Number of updated assets reloaded before import = 0
Start importing Assets/FSP/Modular Pixel Forest/Materials/Terrain/Dirt Block.mat using Guid(a2fbaf827a7762144a54d7b7b7b8d4f5) Importer(815301076,1909f56bfc062723c751e8b465ee728b)  -> (artifact id: '29bd9f6b122615305223b2abc2bbcdcf') in 0.013572 seconds 
Number of asset objects unloaded after import = 2
========================================================================
Received Import Request.
  Time since last request: 0.000019 seconds.
  path: Assets/FSP/Modular Pixel Forest/Materials/Terrain/Dirt Ramp Snow.mat
  artifactKey: Guid(6d04fdcff54fd374c93aa244f8e21bab) Importer(815301076,1909f56bfc062723c751e8b465ee728b)
Number of updated assets reloaded before import = 0
Start importing Assets/FSP/Modular Pixel Forest/Materials/Terrain/Dirt Ramp Snow.mat using Guid(6d04fdcff54fd374c93aa244f8e21bab) Importer(815301076,1909f56bfc062723c751e8b465ee728b)  -> (artifact id: '60a68a85adbc17342a0009654c5d84e8') in 0.013640 seconds 
Number of asset objects unloaded after import = 2
========================================================================
Received Import Request.
  Time since last request: 0.000024 seconds.
  path: Assets/FSP/Modular Pixel Forest/Materials/Terrain/Grass Hill Corner Inner Fall.mat
  artifactKey: Guid(0c7684924cf1ba741a444c1558bdd569) Importer(815301076,1909f56bfc062723c751e8b465ee728b)
Number of updated assets reloaded before import = 0
Start importing Assets/FSP/Modular Pixel Forest/Materials/Terrain/Grass Hill Corner Inner Fall.mat using Guid(0c7684924cf1ba741a444c1558bdd569) Importer(815301076,1909f56bfc062723c751e8b465ee728b)  -> (artifact id: '1d717322d5a17e609d54c36165fc325a') in 0.015902 seconds 
Number of asset objects unloaded after import = 2
========================================================================
Received Import Request.
  Time since last request: 0.000022 seconds.
  path: Assets/FSP/Modular Pixel Forest/Materials/Terrain/Grass Hill Corner Outer Green.mat
  artifactKey: Guid(7bfe8960d0bfafe49916ed95c9fd6414) Importer(815301076,1909f56bfc062723c751e8b465ee728b)
Number of updated assets reloaded before import = 0
Start importing Assets/FSP/Modular Pixel Forest/Materials/Terrain/Grass Hill Corner Outer Green.mat using Guid(7bfe8960d0bfafe49916ed95c9fd6414) Importer(815301076,1909f56bfc062723c751e8b465ee728b)  -> (artifact id: '0a841dde021857ff4bf7e6567d056926') in 0.012568 seconds 
Number of asset objects unloaded after import = 2
========================================================================
Received Import Request.
  Time since last request: 0.000021 seconds.
  path: Assets/FSP/Modular Pixel Forest/Materials/Terrain/Grass Hill Straight Green.mat
  artifactKey: Guid(a909cd1624922014dbd6f9b6a61e6e3d) Importer(815301076,1909f56bfc062723c751e8b465ee728b)
Number of updated assets reloaded before import = 0
Start importing Assets/FSP/Modular Pixel Forest/Materials/Terrain/Grass Hill Straight Green.mat using Guid(a909cd1624922014dbd6f9b6a61e6e3d) Importer(815301076,1909f56bfc062723c751e8b465ee728b)  -> (artifact id: 'df9eddd4315c303b391fb069207753b8') in 0.015312 seconds 
Number of asset objects unloaded after import = 2
========================================================================
Received Import Request.
  Time since last request: 3.189399 seconds.
  path: Assets/FSP/Modular Pixel Forest/Materials/Temple/Pillar Base.mat
  artifactKey: Guid(9ae2ab2c850445f4f8bf7b6932fbc87b) Importer(815301076,1909f56bfc062723c751e8b465ee728b)
Number of updated assets reloaded before import = 0
Start importing Assets/FSP/Modular Pixel Forest/Materials/Temple/Pillar Base.mat using Guid(9ae2ab2c850445f4f8bf7b6932fbc87b) Importer(815301076,1909f56bfc062723c751e8b465ee728b)  -> (artifact id: 'c9da51608995a907000b14270deb0ee6') in 0.011404 seconds 
Number of asset objects unloaded after import = 2
========================================================================
Received Import Request.
  Time since last request: 0.007527 seconds.
  path: Assets/FSP/Modular Pixel Forest/Materials/Temple/Pillar Bottom.mat
  artifactKey: Guid(da5fcb1c80b478b4d83d837ead5c08c1) Importer(815301076,1909f56bfc062723c751e8b465ee728b)
Number of updated assets reloaded before import = 0
Start importing Assets/FSP/Modular Pixel Forest/Materials/Temple/Pillar Bottom.mat using Guid(da5fcb1c80b478b4d83d837ead5c08c1) Importer(815301076,1909f56bfc062723c751e8b465ee728b)  -> (artifact id: 'c4699ed9a7a468d680cc724cef082aba') in 0.020867 seconds 
Number of asset objects unloaded after import = 2
========================================================================
Received Import Request.
  Time since last request: 0.000021 seconds.
  path: Assets/FSP/Modular Pixel Forest/Materials/Temple/Pillar Monkey.mat
  artifactKey: Guid(e7b97d331960f4e41a0bcba2b27a13b4) Importer(815301076,1909f56bfc062723c751e8b465ee728b)
Number of updated assets reloaded before import = 0
Start importing Assets/FSP/Modular Pixel Forest/Materials/Temple/Pillar Monkey.mat using Guid(e7b97d331960f4e41a0bcba2b27a13b4) Importer(815301076,1909f56bfc062723c751e8b465ee728b)  -> (artifact id: '69a977687873588f8d8fe0596d0c5151') in 0.016726 seconds 
Number of asset objects unloaded after import = 2
========================================================================
Received Import Request.
  Time since last request: 0.000022 seconds.
  path: Assets/FSP/Modular Pixel Forest/Materials/Temple/Temple Block.mat
  artifactKey: Guid(743bf9afa316c544dba44ab9b7b1d4f1) Importer(815301076,1909f56bfc062723c751e8b465ee728b)
Number of updated assets reloaded before import = 0
Start importing Assets/FSP/Modular Pixel Forest/Materials/Temple/Temple Block.mat using Guid(743bf9afa316c544dba44ab9b7b1d4f1) Importer(815301076,1909f56bfc062723c751e8b465ee728b)  -> (artifact id: '8ecf735459ec47c2a9060442822b7e80') in 0.019667 seconds 
Number of asset objects unloaded after import = 2
========================================================================
Received Import Request.
  Time since last request: 0.000071 seconds.
  path: Assets/FSP/Modular Pixel Forest/Materials/Temple/Temple Steps Snow.mat
  artifactKey: Guid(28fee41451d94674f84fc8fdf2a36b6b) Importer(815301076,1909f56bfc062723c751e8b465ee728b)
Number of updated assets reloaded before import = 0
Start importing Assets/FSP/Modular Pixel Forest/Materials/Temple/Temple Steps Snow.mat using Guid(28fee41451d94674f84fc8fdf2a36b6b) Importer(815301076,1909f56bfc062723c751e8b465ee728b)  -> (artifact id: 'b7df17f94e8b58aff3bbdd7fe0e549f3') in 0.026199 seconds 
Number of asset objects unloaded after import = 2
========================================================================
Received Import Request.
  Time since last request: 6.471592 seconds.
  path: Assets/FSP/Modular Pixel Forest/Materials/Foliage/Leaves Point Down Gold.mat
  artifactKey: Guid(fa84ba1d3d2e89e43809287f02ee538b) Importer(815301076,1909f56bfc062723c751e8b465ee728b)
Number of updated assets reloaded before import = 0
Start importing Assets/FSP/Modular Pixel Forest/Materials/Foliage/Leaves Point Down Gold.mat using Guid(fa84ba1d3d2e89e43809287f02ee538b) Importer(815301076,1909f56bfc062723c751e8b465ee728b)  -> (artifact id: 'df10f1cef2b9b6af0cf5901b4be07143') in 0.011888 seconds 
Number of asset objects unloaded after import = 2
========================================================================
Received Import Request.
  Time since last request: 0.004275 seconds.
  path: Assets/FSP/Modular Pixel Forest/Materials/Foliage/Leaves Point Down Red.mat
  artifactKey: Guid(daf70e5a54725e84ea7bd763e9ddc779) Importer(815301076,1909f56bfc062723c751e8b465ee728b)
Number of updated assets reloaded before import = 0
Start importing Assets/FSP/Modular Pixel Forest/Materials/Foliage/Leaves Point Down Red.mat using Guid(daf70e5a54725e84ea7bd763e9ddc779) Importer(815301076,1909f56bfc062723c751e8b465ee728b)  -> (artifact id: '71fd154e91d096b17644cd8735043604') in 0.012190 seconds 
Number of asset objects unloaded after import = 2
========================================================================
Received Import Request.
  Time since last request: 0.005207 seconds.
  path: Assets/FSP/Modular Pixel Forest/Materials/Foliage/Leaves Point Up Pink.mat
  artifactKey: Guid(5db917913c2fba743affcf92dc67a80d) Importer(815301076,1909f56bfc062723c751e8b465ee728b)
Number of updated assets reloaded before import = 0
Start importing Assets/FSP/Modular Pixel Forest/Materials/Foliage/Leaves Point Up Pink.mat using Guid(5db917913c2fba743affcf92dc67a80d) Importer(815301076,1909f56bfc062723c751e8b465ee728b)  -> (artifact id: '63b869c20b84d2ffe8e414337bcf57a0') in 0.014358 seconds 
Number of asset objects unloaded after import = 2
========================================================================
Received Import Request.
  Time since last request: 0.003551 seconds.
  path: Assets/FSP/Modular Pixel Forest/Materials/Foliage/Leaves Sphere Gold.mat
  artifactKey: Guid(68983c34d37c6d24b9bc6c4e4d8190ae) Importer(815301076,1909f56bfc062723c751e8b465ee728b)
Number of updated assets reloaded before import = 0
Start importing Assets/FSP/Modular Pixel Forest/Materials/Foliage/Leaves Sphere Gold.mat using Guid(68983c34d37c6d24b9bc6c4e4d8190ae) Importer(815301076,1909f56bfc062723c751e8b465ee728b)  -> (artifact id: '081022bef531d5226051e7256db9e84b') in 0.011982 seconds 
Number of asset objects unloaded after import = 2
========================================================================
Received Import Request.
  Time since last request: 0.003984 seconds.
  path: Assets/FSP/Modular Pixel Forest/Materials/Foliage/Leaves Sphere Red.mat
  artifactKey: Guid(5fae03ed2774e934fa1c8b01798be9cf) Importer(815301076,1909f56bfc062723c751e8b465ee728b)
Number of updated assets reloaded before import = 0
Start importing Assets/FSP/Modular Pixel Forest/Materials/Foliage/Leaves Sphere Red.mat using Guid(5fae03ed2774e934fa1c8b01798be9cf) Importer(815301076,1909f56bfc062723c751e8b465ee728b)  -> (artifact id: '2ac45e4fc3e5173d87e1e6ad4f424d10') in 0.013777 seconds 
Number of asset objects unloaded after import = 2
========================================================================
Received Import Request.
  Time since last request: 0.002663 seconds.
  path: Assets/FSP/Modular Pixel Forest/Materials/Foliage/Tree Trunk Oak.mat
  artifactKey: Guid(8ad7a7ec59ed9084189112ac60f396c5) Importer(815301076,1909f56bfc062723c751e8b465ee728b)
Number of updated assets reloaded before import = 0
Start importing Assets/FSP/Modular Pixel Forest/Materials/Foliage/Tree Trunk Oak.mat using Guid(8ad7a7ec59ed9084189112ac60f396c5) Importer(815301076,1909f56bfc062723c751e8b465ee728b)  -> (artifact id: 'c65c31007ba25ad44d9b41dec8011e82') in 0.015729 seconds 
Number of asset objects unloaded after import = 2
========================================================================
Received Import Request.
  Time since last request: 34.303658 seconds.
  path: Assets/FSP/Modular Pixel Forest/Meshes/mesh_Boulder.asset
  artifactKey: Guid(8de204b3de335854493d3b320d4f2414) Importer(815301076,1909f56bfc062723c751e8b465ee728b)
Number of updated assets reloaded before import = 0
Start importing Assets/FSP/Modular Pixel Forest/Meshes/mesh_Boulder.asset using Guid(8de204b3de335854493d3b320d4f2414) Importer(815301076,1909f56bfc062723c751e8b465ee728b)  -> (artifact id: '316d22da2581dd8b24e90417397d3f34') in 0.045787 seconds 
Number of asset objects unloaded after import = 2
========================================================================
Received Import Request.
  Time since last request: 0.000029 seconds.
  path: Assets/FSP/Modular Pixel Forest/Meshes/mesh_Grass Hill Corner Outer.asset
  artifactKey: Guid(98afe98743c8bd74fabb3f1037a391d5) Importer(815301076,1909f56bfc062723c751e8b465ee728b)
Number of updated assets reloaded before import = 0
Start importing Assets/FSP/Modular Pixel Forest/Meshes/mesh_Grass Hill Corner Outer.asset using Guid(98afe98743c8bd74fabb3f1037a391d5) Importer(815301076,1909f56bfc062723c751e8b465ee728b)  -> (artifact id: '5183078ce8e9da3401d13d03a32ee1cd') in 0.021074 seconds 
Number of asset objects unloaded after import = 2
========================================================================
Received Import Request.
  Time since last request: 0.005271 seconds.
  path: Assets/FSP/Modular Pixel Forest/Meshes/mesh_Temple Steps.asset
  artifactKey: Guid(ddaba58e2eada524cbf6f6669b49868c) Importer(815301076,1909f56bfc062723c751e8b465ee728b)
Number of updated assets reloaded before import = 0
Start importing Assets/FSP/Modular Pixel Forest/Meshes/mesh_Temple Steps.asset using Guid(ddaba58e2eada524cbf6f6669b49868c) Importer(815301076,1909f56bfc062723c751e8b465ee728b)  -> (artifact id: 'a177bf602c720338aaed4d776a9551bb') in 0.023318 seconds 
Number of asset objects unloaded after import = 2
========================================================================
Received Import Request.
  Time since last request: 0.000024 seconds.
  path: Assets/FSP/Modular Pixel Forest/Meshes/mesh_Temple Block.asset
  artifactKey: Guid(d4a992684ac9d35449daa7acb0ebbc75) Importer(815301076,1909f56bfc062723c751e8b465ee728b)
Number of updated assets reloaded before import = 0
Start importing Assets/FSP/Modular Pixel Forest/Meshes/mesh_Temple Block.asset using Guid(d4a992684ac9d35449daa7acb0ebbc75) Importer(815301076,1909f56bfc062723c751e8b465ee728b)  -> (artifact id: '2fc5920dde63b7d12b3a7491c6e12176') in 0.017287 seconds 
Number of asset objects unloaded after import = 2
========================================================================
Received Import Request.
  Time since last request: 0.000021 seconds.
  path: Assets/FSP/Modular Pixel Forest/Meshes/mesh_Temple Block Center.asset
  artifactKey: Guid(0512c2300885564468e98154bda7dc48) Importer(815301076,1909f56bfc062723c751e8b465ee728b)
Number of updated assets reloaded before import = 0
Start importing Assets/FSP/Modular Pixel Forest/Meshes/mesh_Temple Block Center.asset using Guid(0512c2300885564468e98154bda7dc48) Importer(815301076,1909f56bfc062723c751e8b465ee728b)  -> (artifact id: 'ee219fcc305c0866bad23f165f153a6e') in 0.015943 seconds 
Number of asset objects unloaded after import = 2
========================================================================
Received Import Request.
  Time since last request: 0.000023 seconds.
  path: Assets/FSP/Modular Pixel Forest/Meshes/mesh_Tree Sphere.asset
  artifactKey: Guid(c8842cff312efa2458d2d4b9ff4346e6) Importer(815301076,1909f56bfc062723c751e8b465ee728b)
Number of updated assets reloaded before import = 0
Start importing Assets/FSP/Modular Pixel Forest/Meshes/mesh_Tree Sphere.asset using Guid(c8842cff312efa2458d2d4b9ff4346e6) Importer(815301076,1909f56bfc062723c751e8b465ee728b)  -> (artifact id: '285bb6dbc1296ead50055250f9905873') in 0.024447 seconds 
Number of asset objects unloaded after import = 2
========================================================================
Received Import Request.
  Time since last request: 0.000024 seconds.
  path: Assets/FSP/Modular Pixel Forest/Meshes/mesh_Pillar Top.asset
  artifactKey: Guid(9d93349cec38bad47ade8cc93cc18bbf) Importer(815301076,1909f56bfc062723c751e8b465ee728b)
Number of updated assets reloaded before import = 0
Start importing Assets/FSP/Modular Pixel Forest/Meshes/mesh_Pillar Top.asset using Guid(9d93349cec38bad47ade8cc93cc18bbf) Importer(815301076,1909f56bfc062723c751e8b465ee728b)  -> (artifact id: '2ffab1536ef2015f4483d568857dc2ac') in 0.010271 seconds 
Number of asset objects unloaded after import = 2
========================================================================
Received Import Request.
  Time since last request: 2.213381 seconds.
  path: Assets/FSP/Modular Pixel Forest/Prefabs/Foliage/Tree Point Down.prefab
  artifactKey: Guid(dbe836a054f552f40920e331a2a2b469) Importer(815301076,1909f56bfc062723c751e8b465ee728b)
Number of updated assets reloaded before import = 0
Start importing Assets/FSP/Modular Pixel Forest/Prefabs/Foliage/Tree Point Down.prefab using Guid(dbe836a054f552f40920e331a2a2b469) Importer(815301076,1909f56bfc062723c751e8b465ee728b)  -> (artifact id: 'c0ac02716226bc670a79c10f7d6b6769') in 0.012505 seconds 
Number of asset objects unloaded after import = 15
========================================================================
Received Import Request.
  Time since last request: 4.669743 seconds.
  path: Assets/FSP/Modular Pixel Forest/Prefabs/Props/Boulder.prefab
  artifactKey: Guid(eb3e288cb7554f14dad862d236264c2d) Importer(815301076,1909f56bfc062723c751e8b465ee728b)
Number of updated assets reloaded before import = 0
Start importing Assets/FSP/Modular Pixel Forest/Prefabs/Props/Boulder.prefab using Guid(eb3e288cb7554f14dad862d236264c2d) Importer(815301076,1909f56bfc062723c751e8b465ee728b)  -> (artifact id: '5683508b5f47ef3a3bc9dd50aa7a6330') in 0.012990 seconds 
Number of asset objects unloaded after import = 13
========================================================================
Received Import Request.
  Time since last request: 0.001035 seconds.
  path: Assets/FSP/Modular Pixel Forest/Prefabs/Props/Fence Post.prefab
  artifactKey: Guid(d1fd2795e6cd0004ca4f30241fe8a76e) Importer(815301076,1909f56bfc062723c751e8b465ee728b)
Number of updated assets reloaded before import = 0
Start importing Assets/FSP/Modular Pixel Forest/Prefabs/Props/Fence Post.prefab using Guid(d1fd2795e6cd0004ca4f30241fe8a76e) Importer(815301076,1909f56bfc062723c751e8b465ee728b)  -> (artifact id: '75856500eb2b1813e1ceb493aa537f57') in 0.013994 seconds 
Number of asset objects unloaded after import = 13
Editor requested this worker to shutdown with reason: Scaling down because of idle timeout
TcpMessagingSession - receive error: operation aborted. errorcode: 995, details: L’opération d’entrée/sortie a été abandonnée en raison de l’arrêt d’un thread ou à la demande d’une application.
AssetImportWorker is now disconnected from the server
Process exiting
Exiting without the bug reporter. Application will terminate with return code 0