Using pre-set license
Built from '2022.2/staging' branch; Version is '2022.2.4f1 (8216e0211249) revision 8525536'; Using compiler version '192829333'; Build Type 'Release'
OS: 'Windows 11  (10.0.22621) 64bit Professional' Language: 'fr' Physical Memory: 16310 MB
BatchMode: 1, IsHumanControllingUs: 0, StartBugReporterOnCrash: 0, Is64bit: 1, IsPro: 1

COMMAND LINE ARGUMENTS:
D:\2022.2.4f1-x86_64\Editor\Unity.exe
-adb2
-batchMode
-noUpm
-name
AssetImportWorker3
-projectPath
C:/Users/olivi/Documents/Galactic/Galactic
-logFile
Logs/AssetImportWorker3.log
-srvPort
53546
Successfully changed project path to: C:/Users/olivi/Documents/Galactic/Galactic
C:/Users/olivi/Documents/Galactic/Galactic
[UnityMemory] Configuration Parameters - Can be set up in boot.config
    "memorysetup-bucket-allocator-granularity=16"
    "memorysetup-bucket-allocator-bucket-count=8"
    "memorysetup-bucket-allocator-block-size=33554432"
    "memorysetup-bucket-allocator-block-count=8"
    "memorysetup-main-allocator-block-size=16777216"
    "memorysetup-thread-allocator-block-size=16777216"
    "memorysetup-gfx-main-allocator-block-size=16777216"
    "memorysetup-gfx-thread-allocator-block-size=16777216"
    "memorysetup-cache-allocator-block-size=4194304"
    "memorysetup-typetree-allocator-block-size=2097152"
    "memorysetup-profiler-bucket-allocator-granularity=16"
    "memorysetup-profiler-bucket-allocator-bucket-count=8"
    "memorysetup-profiler-bucket-allocator-block-size=33554432"
    "memorysetup-profiler-bucket-allocator-block-count=8"
    "memorysetup-profiler-allocator-block-size=16777216"
    "memorysetup-profiler-editor-allocator-block-size=1048576"
    "memorysetup-temp-allocator-size-main=16777216"
    "memorysetup-job-temp-allocator-block-size=2097152"
    "memorysetup-job-temp-allocator-block-size-background=1048576"
    "memorysetup-job-temp-allocator-reduction-small-platforms=262144"
    "memorysetup-temp-allocator-size-background-worker=32768"
    "memorysetup-temp-allocator-size-job-worker=262144"
    "memorysetup-temp-allocator-size-preload-manager=33554432"
    "memorysetup-temp-allocator-size-nav-mesh-worker=65536"
    "memorysetup-temp-allocator-size-audio-worker=65536"
    "memorysetup-temp-allocator-size-cloud-worker=32768"
    "memorysetup-temp-allocator-size-gi-baking-worker=262144"
    "memorysetup-temp-allocator-size-gfx=262144"
Player connection [32684] Host "[IP] 192.168.1.71 [Port] 0 [Flags] 2 [Guid] 443543055 [EditorId] 443543055 [Version] 1048832 [Id] WindowsEditor(7,olivier-14) [Debug] 1 [PackageName] WindowsEditor [ProjectName] Editor" joined multi-casting on [225.0.0.222:54997]...

Player connection [32684] Host "[IP] 192.168.1.71 [Port] 0 [Flags] 2 [Guid] 443543055 [EditorId] 443543055 [Version] 1048832 [Id] WindowsEditor(7,olivier-14) [Debug] 1 [PackageName] WindowsEditor [ProjectName] Editor" joined alternative multi-casting on [225.0.0.222:34997]...

Refreshing native plugins compatible for Editor in 9.98 ms, found 2 plugins.
Preloading 0 native plugins for Editor in 0.00 ms.
Initialize engine version: 2022.2.4f1 (8216e0211249)
[Subsystems] Discovering subsystems at path D:/2022.2.4f1-x86_64/Editor/Data/Resources/UnitySubsystems
[Subsystems] Discovering subsystems at path C:/Users/olivi/Documents/Galactic/Galactic/Assets
GfxDevice: creating device client; threaded=0; jobified=0
Direct3D:
    Version:  Direct3D 11.0 [level 11.1]
    Renderer: NVIDIA GeForce RTX 2080 SUPER (ID=0x1e81)
    Vendor:   NVIDIA
    VRAM:     8001 MB
    Driver:   31.0.15.3118
Initialize mono
Mono path[0] = 'D:/2022.2.4f1-x86_64/Editor/Data/Managed'
Mono path[1] = 'D:/2022.2.4f1-x86_64/Editor/Data/MonoBleedingEdge/lib/mono/unityjit-win32'
Mono config path = 'D:/2022.2.4f1-x86_64/Editor/Data/MonoBleedingEdge/etc'
Using monoOptions --debugger-agent=transport=dt_socket,embedding=1,server=y,suspend=n,address=127.0.0.1:56560
Begin MonoManager ReloadAssembly
Registering precompiled unity dll's ...
Register platform support module: D:/2022.2.4f1-x86_64/Editor/Data/PlaybackEngines/WindowsStandaloneSupport/UnityEditor.WindowsStandalone.Extensions.dll
Registered in 0.002405 seconds.
- Loaded All Assemblies, in  0.318 seconds
Native extension for WindowsStandalone target not found
Mono: successfully reloaded assembly
- Finished resetting the current domain, in  0.289 seconds
Domain Reload Profiling:
	ReloadAssembly (173ms)
		BeginReloadAssembly (67ms)
			ExecutionOrderSort (0ms)
			DisableScriptedObjects (0ms)
			BackupInstance (0ms)
			ReleaseScriptingObjects (0ms)
			CreateAndSetChildDomain (1ms)
		LoadAllAssembliesAndSetupDomain (0ms)
			LoadAssemblies (66ms)
			RebuildTransferFunctionScriptingTraits (0ms)
			SetupTypeCache (142ms)
				TypeCache.Initialize (141ms)
					TypeCache.ScanAssembly (140ms)
				ResolveRequiredComponents (0ms)
		FinalizeReload (0ms)
			ReleaseScriptCaches (0ms)
			RebuildScriptCaches (0ms)
			SetupLoadedEditorAssemblies (222ms)
				LogAssemblyErrors (0ms)
				InitializePlatformSupportModulesInManaged (9ms)
				SetLoadedEditorAssemblies (8ms)
				RefreshPlugins (0ms)
				BeforeProcessingInitializeOnLoad (1ms)
				ProcessInitializeOnLoadAttributes (151ms)
				ProcessInitializeOnLoadMethodAttributes (54ms)
				AfterProcessingInitializeOnLoad (0ms)
				EditorAssembliesLoaded (0ms)
			ExecutionOrderSort2 (0ms)
			AwakeInstancesAfterBackupRestoration (0ms)
========================================================================
Worker process is ready to serve import requests
Begin MonoManager ReloadAssembly
- Loaded All Assemblies, in  0.762 seconds
Refreshing native plugins compatible for Editor in 2.31 ms, found 2 plugins.
Native extension for WindowsStandalone target not found
Mono: successfully reloaded assembly
- Finished resetting the current domain, in  0.490 seconds
Domain Reload Profiling:
	ReloadAssembly (217ms)
		BeginReloadAssembly (120ms)
			ExecutionOrderSort (0ms)
			DisableScriptedObjects (5ms)
			BackupInstance (0ms)
			ReleaseScriptingObjects (0ms)
			CreateAndSetChildDomain (26ms)
		LoadAllAssembliesAndSetupDomain (545ms)
			LoadAssemblies (232ms)
			RebuildTransferFunctionScriptingTraits (0ms)
			SetupTypeCache (365ms)
				TypeCache.Initialize (253ms)
					TypeCache.ScanAssembly (247ms)
				ResolveRequiredComponents (5ms)
		FinalizeReload (0ms)
			ReleaseScriptCaches (0ms)
			RebuildScriptCaches (0ms)
			SetupLoadedEditorAssemblies (327ms)
				LogAssemblyErrors (0ms)
				InitializePlatformSupportModulesInManaged (4ms)
				SetLoadedEditorAssemblies (6ms)
				RefreshPlugins (0ms)
				BeforeProcessingInitializeOnLoad (54ms)
				ProcessInitializeOnLoadAttributes (242ms)
				ProcessInitializeOnLoadMethodAttributes (19ms)
				AfterProcessingInitializeOnLoad (2ms)
				EditorAssembliesLoaded (0ms)
			ExecutionOrderSort2 (0ms)
			AwakeInstancesAfterBackupRestoration (5ms)
Launched and connected shader compiler UnityShaderCompiler.exe after 0.05 seconds
Refreshing native plugins compatible for Editor in 3.09 ms, found 2 plugins.
Preloading 0 native plugins for Editor in 0.00 ms.
Unloading 1826 Unused Serialized files (Serialized files now loaded: 0)
Unloading 27 unused Assets / (340.5 KB). Loaded Objects now: 2290.
Memory consumption went from 304.6 MB to 304.3 MB.
Total: 3.768800 ms (FindLiveObjects: 0.208700 ms CreateObjectMapping: 0.047700 ms MarkObjects: 3.255700 ms  DeleteObjects: 0.255300 ms)

AssetImportParameters requested are different than current active one (requested -> active):
  custom:video-decoder-webm-vp8: 9c59270c3fd7afecdb556c50c9e8de78 -> 
  custom:container-demuxer-ogg: 62fdf1f143b41e24485cea50d1cbac27 -> 
  custom:AudioImporter_EditorPlatform: d09bf68614088b80899f8185d706f6e7 -> 
  custom:video-decoder-ogg-theora: a1e56fd34408186e4bbccfd4996cb3dc -> 
  custom:framework-win-MediaFoundation: 216162199b28c13a410421893ffa2e32 -> 
  custom:video-encoder-webm-vp8: eb34c28f22e8b96e1ab97ce403110664 -> 
  custom:audio-decoder-ogg-vorbis: bf7c407c2cedff20999df2af8eb42d56 -> 
  custom:container-demuxer-webm: 4f35f7cbe854078d1ac9338744f61a02 -> 
  custom:audio-encoder-webm-vorbis: bf7c407c2cedff20999df2af8eb42d56 -> 
  custom:container-muxer-webm: aa71ff27fc2769a1b78a27578f13a17b -> 
========================================================================
Received Import Request.
  Time since last request: 276744.456499 seconds.
  path: Assets/FSP/Modular Pixel Forest/Materials/Props/Crate Snow.mat
  artifactKey: Guid(dbf3d8a3a40a1764b83f0b65ce0eded9) Importer(815301076,1909f56bfc062723c751e8b465ee728b)
Number of updated assets reloaded before import = 0
Start importing Assets/FSP/Modular Pixel Forest/Materials/Props/Crate Snow.mat using Guid(dbf3d8a3a40a1764b83f0b65ce0eded9) Importer(815301076,1909f56bfc062723c751e8b465ee728b)  -> (artifact id: '43063699243287511cdeb163af8d4239') in 0.155979 seconds 
Number of asset objects unloaded after import = 2
========================================================================
Received Import Request.
  Time since last request: 7.124094 seconds.
  path: Assets/FSP/Modular Pixel Forest/Materials/Textures/crate snow.png
  artifactKey: Guid(af79ac8a365c7574ea6f77c82053ecfb) Importer(815301076,1909f56bfc062723c751e8b465ee728b)
Number of updated assets reloaded before import = 0
Start importing Assets/FSP/Modular Pixel Forest/Materials/Textures/crate snow.png using Guid(af79ac8a365c7574ea6f77c82053ecfb) Importer(815301076,1909f56bfc062723c751e8b465ee728b)  -> (artifact id: '291453bb89d3d946468a7b7841acb33c') in 0.020004 seconds 
Number of asset objects unloaded after import = 2
========================================================================
Received Import Request.
  Time since last request: 0.000018 seconds.
  path: Assets/FSP/Modular Pixel Forest/Materials/Textures/dirt block snow.png
  artifactKey: Guid(77feb19dd7a90e44c9cb7592c452c2bf) Importer(815301076,1909f56bfc062723c751e8b465ee728b)
Number of updated assets reloaded before import = 0
Start importing Assets/FSP/Modular Pixel Forest/Materials/Textures/dirt block snow.png using Guid(77feb19dd7a90e44c9cb7592c452c2bf) Importer(815301076,1909f56bfc062723c751e8b465ee728b)  -> (artifact id: 'e46dd2d1e051376f5eee77f8f611fa71') in 0.010471 seconds 
Number of asset objects unloaded after import = 2
========================================================================
Received Import Request.
  Time since last request: 0.000016 seconds.
  path: Assets/FSP/Modular Pixel Forest/Materials/Textures/dirt ramp.png
  artifactKey: Guid(52c684fcac41de249945ccb19d4485b9) Importer(815301076,1909f56bfc062723c751e8b465ee728b)
Number of updated assets reloaded before import = 0
Start importing Assets/FSP/Modular Pixel Forest/Materials/Textures/dirt ramp.png using Guid(52c684fcac41de249945ccb19d4485b9) Importer(815301076,1909f56bfc062723c751e8b465ee728b)  -> (artifact id: '6b9444f6557b632d288579ece890292a') in 0.014319 seconds 
Number of asset objects unloaded after import = 2
========================================================================
Received Import Request.
  Time since last request: 0.000019 seconds.
  path: Assets/FSP/Modular Pixel Forest/Materials/Textures/grass hill corner inner snow.png
  artifactKey: Guid(64b03737cde5b264ab084c8a2d55aa8e) Importer(815301076,1909f56bfc062723c751e8b465ee728b)
Number of updated assets reloaded before import = 0
Start importing Assets/FSP/Modular Pixel Forest/Materials/Textures/grass hill corner inner snow.png using Guid(64b03737cde5b264ab084c8a2d55aa8e) Importer(815301076,1909f56bfc062723c751e8b465ee728b)  -> (artifact id: '1b588564ae7b45bb61d48c1e7c2f609b') in 0.011903 seconds 
Number of asset objects unloaded after import = 2
========================================================================
Received Import Request.
  Time since last request: 0.000016 seconds.
  path: Assets/FSP/Modular Pixel Forest/Materials/Textures/leaves point down gold.png
  artifactKey: Guid(5fa313d0411bf8f43833ed86e87e8b40) Importer(815301076,1909f56bfc062723c751e8b465ee728b)
Number of updated assets reloaded before import = 0
Start importing Assets/FSP/Modular Pixel Forest/Materials/Textures/leaves point down gold.png using Guid(5fa313d0411bf8f43833ed86e87e8b40) Importer(815301076,1909f56bfc062723c751e8b465ee728b)  -> (artifact id: 'd77c0862e17cd1c1fa6f9a818f9b57f9') in 0.010345 seconds 
Number of asset objects unloaded after import = 2
========================================================================
Received Import Request.
  Time since last request: 0.000015 seconds.
  path: Assets/FSP/Modular Pixel Forest/Materials/Textures/grass hill corner outer fall.png
  artifactKey: Guid(bfc8bd211490dca4a8717088876b411a) Importer(815301076,1909f56bfc062723c751e8b465ee728b)
Number of updated assets reloaded before import = 0
Start importing Assets/FSP/Modular Pixel Forest/Materials/Textures/grass hill corner outer fall.png using Guid(bfc8bd211490dca4a8717088876b411a) Importer(815301076,1909f56bfc062723c751e8b465ee728b)  -> (artifact id: '4fac75f2043ebb5c9264f44e0eac631b') in 0.011137 seconds 
Number of asset objects unloaded after import = 2
========================================================================
Received Import Request.
  Time since last request: 0.000038 seconds.
  path: Assets/FSP/Modular Pixel Forest/Materials/Textures/leaves point down snow.png
  artifactKey: Guid(5ba70415e9d80374baacb2450ca006a1) Importer(815301076,1909f56bfc062723c751e8b465ee728b)
Number of updated assets reloaded before import = 0
Start importing Assets/FSP/Modular Pixel Forest/Materials/Textures/leaves point down snow.png using Guid(5ba70415e9d80374baacb2450ca006a1) Importer(815301076,1909f56bfc062723c751e8b465ee728b)  -> (artifact id: '5d689ccea62f04f4accbb799b38d2ec8') in 0.010245 seconds 
Number of asset objects unloaded after import = 2
========================================================================
Received Import Request.
  Time since last request: 0.000022 seconds.
  path: Assets/FSP/Modular Pixel Forest/Materials/Textures/leaves point up gold.png
  artifactKey: Guid(461c277ba84981c4097f3fb1523ad5b8) Importer(815301076,1909f56bfc062723c751e8b465ee728b)
Number of updated assets reloaded before import = 0
Start importing Assets/FSP/Modular Pixel Forest/Materials/Textures/leaves point up gold.png using Guid(461c277ba84981c4097f3fb1523ad5b8) Importer(815301076,1909f56bfc062723c751e8b465ee728b)  -> (artifact id: 'ecef89102caae3155d02e11e83edf8e7') in 0.011819 seconds 
Number of asset objects unloaded after import = 2
========================================================================
Received Import Request.
  Time since last request: 0.000016 seconds.
  path: Assets/FSP/Modular Pixel Forest/Materials/Textures/grass block fall.png
  artifactKey: Guid(a2502bc9872802e449b0f362eca61b65) Importer(815301076,1909f56bfc062723c751e8b465ee728b)
Number of updated assets reloaded before import = 0
Start importing Assets/FSP/Modular Pixel Forest/Materials/Textures/grass block fall.png using Guid(a2502bc9872802e449b0f362eca61b65) Importer(815301076,1909f56bfc062723c751e8b465ee728b)  -> (artifact id: '0d8fd3174938e869c9636e5591ffde9f') in 0.010071 seconds 
Number of asset objects unloaded after import = 2
========================================================================
Received Import Request.
  Time since last request: 0.000018 seconds.
  path: Assets/FSP/Modular Pixel Forest/Materials/Textures/leaves sphere pink.png
  artifactKey: Guid(6964d4fb65e54394088943362dab12f2) Importer(815301076,1909f56bfc062723c751e8b465ee728b)
Number of updated assets reloaded before import = 0
Start importing Assets/FSP/Modular Pixel Forest/Materials/Textures/leaves sphere pink.png using Guid(6964d4fb65e54394088943362dab12f2) Importer(815301076,1909f56bfc062723c751e8b465ee728b)  -> (artifact id: '50ae4890519c567a2199684ff70cbe87') in 0.011681 seconds 
Number of asset objects unloaded after import = 2
========================================================================
Received Import Request.
  Time since last request: 0.000100 seconds.
  path: Assets/FSP/Modular Pixel Forest/Materials/Textures/pillar bottom.png
  artifactKey: Guid(66ef6947c5cf4684cb89ebf3ff0af607) Importer(815301076,1909f56bfc062723c751e8b465ee728b)
Number of updated assets reloaded before import = 0
Start importing Assets/FSP/Modular Pixel Forest/Materials/Textures/pillar bottom.png using Guid(66ef6947c5cf4684cb89ebf3ff0af607) Importer(815301076,1909f56bfc062723c751e8b465ee728b)  -> (artifact id: 'f39f4710cf140d26406840159c7dd90d') in 0.010481 seconds 
Number of asset objects unloaded after import = 2
========================================================================
Received Import Request.
  Time since last request: 0.010183 seconds.
  path: Assets/FSP/Modular Pixel Forest/Materials/Textures/pillar snake.png
  artifactKey: Guid(f79bcf2a367093e43bc03f7b3f88ad29) Importer(815301076,1909f56bfc062723c751e8b465ee728b)
Number of updated assets reloaded before import = 0
Start importing Assets/FSP/Modular Pixel Forest/Materials/Textures/pillar snake.png using Guid(f79bcf2a367093e43bc03f7b3f88ad29) Importer(815301076,1909f56bfc062723c751e8b465ee728b)  -> (artifact id: '434a9839c5b1f1c953e47708bd313ecf') in 0.011050 seconds 
Number of asset objects unloaded after import = 2
========================================================================
Received Import Request.
  Time since last request: 0.000020 seconds.
  path: Assets/FSP/Modular Pixel Forest/Materials/Textures/sign help.png
  artifactKey: Guid(8ba50edf2d77afb41be5aa7c7ec821a2) Importer(815301076,1909f56bfc062723c751e8b465ee728b)
Number of updated assets reloaded before import = 0
Start importing Assets/FSP/Modular Pixel Forest/Materials/Textures/sign help.png using Guid(8ba50edf2d77afb41be5aa7c7ec821a2) Importer(815301076,1909f56bfc062723c751e8b465ee728b)  -> (artifact id: '51d89109440555c9e586d46125542d03') in 0.011049 seconds 
Number of asset objects unloaded after import = 2
========================================================================
Received Import Request.
  Time since last request: 0.000018 seconds.
  path: Assets/FSP/Modular Pixel Forest/Materials/Textures/sign arrow.png
  artifactKey: Guid(47a41939041c95746ab52005ef0ea591) Importer(815301076,1909f56bfc062723c751e8b465ee728b)
Number of updated assets reloaded before import = 0
Start importing Assets/FSP/Modular Pixel Forest/Materials/Textures/sign arrow.png using Guid(47a41939041c95746ab52005ef0ea591) Importer(815301076,1909f56bfc062723c751e8b465ee728b)  -> (artifact id: '2211102ca3b21f0c9aecafb627a6d83a') in 0.010523 seconds 
Number of asset objects unloaded after import = 2
========================================================================
Received Import Request.
  Time since last request: 0.002041 seconds.
  path: Assets/FSP/Modular Pixel Forest/Materials/Textures/tree trunk oak.png
  artifactKey: Guid(268097b890a35f949801ee2150d22521) Importer(815301076,1909f56bfc062723c751e8b465ee728b)
Number of updated assets reloaded before import = 0
Start importing Assets/FSP/Modular Pixel Forest/Materials/Textures/tree trunk oak.png using Guid(268097b890a35f949801ee2150d22521) Importer(815301076,1909f56bfc062723c751e8b465ee728b)  -> (artifact id: '5853200569a125fd94d7a244ae846ed3') in 0.020606 seconds 
Number of asset objects unloaded after import = 2
========================================================================
Received Import Request.
  Time since last request: 18.550840 seconds.
  path: Assets/FSP/Modular Pixel Forest/Materials/Terrain/Dirt Ramp.mat
  artifactKey: Guid(51e608eb58a23784bb9203e487d4cd0b) Importer(815301076,1909f56bfc062723c751e8b465ee728b)
Number of updated assets reloaded before import = 0
Start importing Assets/FSP/Modular Pixel Forest/Materials/Terrain/Dirt Ramp.mat using Guid(51e608eb58a23784bb9203e487d4cd0b) Importer(815301076,1909f56bfc062723c751e8b465ee728b)  -> (artifact id: '82ba14a69cba57aaa08cc0899b6b3d18') in 0.018621 seconds 
Number of asset objects unloaded after import = 2
========================================================================
Received Import Request.
  Time since last request: 0.000021 seconds.
  path: Assets/FSP/Modular Pixel Forest/Materials/Terrain/Grass Block Snow.mat
  artifactKey: Guid(d3bd69ceb07dbb24ba6c0cfa385c2765) Importer(815301076,1909f56bfc062723c751e8b465ee728b)
Number of updated assets reloaded before import = 0
Start importing Assets/FSP/Modular Pixel Forest/Materials/Terrain/Grass Block Snow.mat using Guid(d3bd69ceb07dbb24ba6c0cfa385c2765) Importer(815301076,1909f56bfc062723c751e8b465ee728b)  -> (artifact id: '880adedcdaa5fde9de51d7fe9245364c') in 0.015698 seconds 
Number of asset objects unloaded after import = 2
========================================================================
Received Import Request.
  Time since last request: 0.000024 seconds.
  path: Assets/FSP/Modular Pixel Forest/Materials/Terrain/Grass Hill Corner Outer Fall.mat
  artifactKey: Guid(713ec283026563a4a8347e00ef8e2e39) Importer(815301076,1909f56bfc062723c751e8b465ee728b)
Number of updated assets reloaded before import = 0
Start importing Assets/FSP/Modular Pixel Forest/Materials/Terrain/Grass Hill Corner Outer Fall.mat using Guid(713ec283026563a4a8347e00ef8e2e39) Importer(815301076,1909f56bfc062723c751e8b465ee728b)  -> (artifact id: '1519ddead26f0effd40457d5c24eeb13') in 0.014081 seconds 
Number of asset objects unloaded after import = 2
========================================================================
Received Import Request.
  Time since last request: 0.000027 seconds.
  path: Assets/FSP/Modular Pixel Forest/Materials/Terrain/Water.mat
  artifactKey: Guid(bd5fe5b2159df6945b1dff710206d655) Importer(815301076,1909f56bfc062723c751e8b465ee728b)
Number of updated assets reloaded before import = 0
Start importing Assets/FSP/Modular Pixel Forest/Materials/Terrain/Water.mat using Guid(bd5fe5b2159df6945b1dff710206d655) Importer(815301076,1909f56bfc062723c751e8b465ee728b)  -> (artifact id: '9abbf6c2abf2278ce2220a589ae925a3') in 0.014806 seconds 
Number of asset objects unloaded after import = 2
========================================================================
Received Import Request.
  Time since last request: 3.225094 seconds.
  path: Assets/FSP/Modular Pixel Forest/Materials/Temple/Pillar Center Link.mat
  artifactKey: Guid(398fb946fb46b9141af9dca40f223894) Importer(815301076,1909f56bfc062723c751e8b465ee728b)
Number of updated assets reloaded before import = 0
Start importing Assets/FSP/Modular Pixel Forest/Materials/Temple/Pillar Center Link.mat using Guid(398fb946fb46b9141af9dca40f223894) Importer(815301076,1909f56bfc062723c751e8b465ee728b)  -> (artifact id: '4a5f318f5a1fd350b08be22f4711d604') in 0.013987 seconds 
Number of asset objects unloaded after import = 2
========================================================================
Received Import Request.
  Time since last request: 0.007337 seconds.
  path: Assets/FSP/Modular Pixel Forest/Materials/Temple/Pillar Top Snow.mat
  artifactKey: Guid(ce9113266bffe7949a6bf6ef242f4f97) Importer(815301076,1909f56bfc062723c751e8b465ee728b)
Number of updated assets reloaded before import = 0
Start importing Assets/FSP/Modular Pixel Forest/Materials/Temple/Pillar Top Snow.mat using Guid(ce9113266bffe7949a6bf6ef242f4f97) Importer(815301076,1909f56bfc062723c751e8b465ee728b)  -> (artifact id: '097ec41293a1e358b25508e1779911d6') in 0.023857 seconds 
Number of asset objects unloaded after import = 2
========================================================================
Received Import Request.
  Time since last request: 0.000021 seconds.
  path: Assets/FSP/Modular Pixel Forest/Materials/Temple/Temple Block Snow.mat
  artifactKey: Guid(7c827e0ebc9428648973db96a677d390) Importer(815301076,1909f56bfc062723c751e8b465ee728b)
Number of updated assets reloaded before import = 0
Start importing Assets/FSP/Modular Pixel Forest/Materials/Temple/Temple Block Snow.mat using Guid(7c827e0ebc9428648973db96a677d390) Importer(815301076,1909f56bfc062723c751e8b465ee728b)  -> (artifact id: '51ca81d2ddedff5833c6599c80df52ec') in 0.024727 seconds 
Number of asset objects unloaded after import = 2
========================================================================
Received Import Request.
  Time since last request: 6.503260 seconds.
  path: Assets/FSP/Modular Pixel Forest/Materials/Foliage/Leaves Point Up Green.mat
  artifactKey: Guid(00b091be6b2e5c646acfb4402f45fd5f) Importer(815301076,1909f56bfc062723c751e8b465ee728b)
Number of updated assets reloaded before import = 0
Start importing Assets/FSP/Modular Pixel Forest/Materials/Foliage/Leaves Point Up Green.mat using Guid(00b091be6b2e5c646acfb4402f45fd5f) Importer(815301076,1909f56bfc062723c751e8b465ee728b)  -> (artifact id: 'f3ecbb20f95df5020783ec4b6fe3400e') in 0.015113 seconds 
Number of asset objects unloaded after import = 2
========================================================================
Received Import Request.
  Time since last request: 0.046514 seconds.
  path: Assets/FSP/Modular Pixel Forest/Materials/Foliage/Tree Trunk Pine.mat
  artifactKey: Guid(5e283233d7a7d654eac3e86fe6585598) Importer(815301076,1909f56bfc062723c751e8b465ee728b)
Number of updated assets reloaded before import = 0
Start importing Assets/FSP/Modular Pixel Forest/Materials/Foliage/Tree Trunk Pine.mat using Guid(5e283233d7a7d654eac3e86fe6585598) Importer(815301076,1909f56bfc062723c751e8b465ee728b)  -> (artifact id: 'a1d19b08b092b24697de7d0fed403979') in 0.017042 seconds 
Number of asset objects unloaded after import = 2
========================================================================
Received Import Request.
  Time since last request: 34.308686 seconds.
  path: Assets/FSP/Modular Pixel Forest/Meshes/mesh_Dirt Block Center.asset
  artifactKey: Guid(2dd42a2cf228c7a4f9b4e8ac4c038497) Importer(815301076,1909f56bfc062723c751e8b465ee728b)
Number of updated assets reloaded before import = 0
Start importing Assets/FSP/Modular Pixel Forest/Meshes/mesh_Dirt Block Center.asset using Guid(2dd42a2cf228c7a4f9b4e8ac4c038497) Importer(815301076,1909f56bfc062723c751e8b465ee728b)  -> (artifact id: '3dc4dc2edc08c20bff68ba861b509b38') in 0.051152 seconds 
Number of asset objects unloaded after import = 2
========================================================================
Received Import Request.
  Time since last request: 0.000038 seconds.
  path: Assets/FSP/Modular Pixel Forest/Meshes/mesh_Water.asset
  artifactKey: Guid(be6f3ec8e04a07b4fb3e02c9ca5817c8) Importer(815301076,1909f56bfc062723c751e8b465ee728b)
Number of updated assets reloaded before import = 0
Start importing Assets/FSP/Modular Pixel Forest/Meshes/mesh_Water.asset using Guid(be6f3ec8e04a07b4fb3e02c9ca5817c8) Importer(815301076,1909f56bfc062723c751e8b465ee728b)  -> (artifact id: '4fae3c99e77b2a006111f9aab492ad75') in 0.023165 seconds 
Number of asset objects unloaded after import = 2
========================================================================
Received Import Request.
  Time since last request: 0.000036 seconds.
  path: Assets/FSP/Modular Pixel Forest/Meshes/mesh_Grass Hill Corner Inner.asset
  artifactKey: Guid(5f1c13b0fca311543bc2e5457ef1657b) Importer(815301076,1909f56bfc062723c751e8b465ee728b)
Number of updated assets reloaded before import = 0
Start importing Assets/FSP/Modular Pixel Forest/Meshes/mesh_Grass Hill Corner Inner.asset using Guid(5f1c13b0fca311543bc2e5457ef1657b) Importer(815301076,1909f56bfc062723c751e8b465ee728b)  -> (artifact id: '4b5afd5750c32776e71f7424dc781eb4') in 0.022306 seconds 
Number of asset objects unloaded after import = 2
========================================================================
Received Import Request.
  Time since last request: 0.000027 seconds.
  path: Assets/FSP/Modular Pixel Forest/Meshes/mesh_Pillar Center.asset
  artifactKey: Guid(cc38d8df6177a724fb7805f14a145adc) Importer(815301076,1909f56bfc062723c751e8b465ee728b)
Number of updated assets reloaded before import = 0
Start importing Assets/FSP/Modular Pixel Forest/Meshes/mesh_Pillar Center.asset using Guid(cc38d8df6177a724fb7805f14a145adc) Importer(815301076,1909f56bfc062723c751e8b465ee728b)  -> (artifact id: 'e6c369329edc38064173d9e36efe53b9') in 0.013336 seconds 
Number of asset objects unloaded after import = 2
========================================================================
Received Import Request.
  Time since last request: 0.000025 seconds.
  path: Assets/FSP/Modular Pixel Forest/Meshes/mesh_Fence Hill.asset
  artifactKey: Guid(fe6098180702e9a4cbd684cde7e1bd7a) Importer(815301076,1909f56bfc062723c751e8b465ee728b)
Number of updated assets reloaded before import = 0
Start importing Assets/FSP/Modular Pixel Forest/Meshes/mesh_Fence Hill.asset using Guid(fe6098180702e9a4cbd684cde7e1bd7a) Importer(815301076,1909f56bfc062723c751e8b465ee728b)  -> (artifact id: '2b83228011995683b774caef58218d5b') in 0.031007 seconds 
Number of asset objects unloaded after import = 2
========================================================================
Received Import Request.
  Time since last request: 0.001110 seconds.
  path: Assets/FSP/Modular Pixel Forest/Meshes/mesh_Fence Post.asset
  artifactKey: Guid(c13e7a1e670e3b849b0e2af9c8e75aae) Importer(815301076,1909f56bfc062723c751e8b465ee728b)
Number of updated assets reloaded before import = 0
Start importing Assets/FSP/Modular Pixel Forest/Meshes/mesh_Fence Post.asset using Guid(c13e7a1e670e3b849b0e2af9c8e75aae) Importer(815301076,1909f56bfc062723c751e8b465ee728b)  -> (artifact id: 'f8993a236686aaf3503e6d2f4792ba84') in 0.015208 seconds 
Number of asset objects unloaded after import = 2
========================================================================
Received Import Request.
  Time since last request: 6.913769 seconds.
  path: Assets/FSP/Modular Pixel Forest/Prefabs/Props/Fence Rail.prefab
  artifactKey: Guid(d8d5df041e323154faf07ac7ef66c513) Importer(815301076,1909f56bfc062723c751e8b465ee728b)
Number of updated assets reloaded before import = 0
Start importing Assets/FSP/Modular Pixel Forest/Prefabs/Props/Fence Rail.prefab using Guid(d8d5df041e323154faf07ac7ef66c513) Importer(815301076,1909f56bfc062723c751e8b465ee728b)  -> (artifact id: 'b780e20123125482365f8de992fa16eb') in 0.038853 seconds 
Number of asset objects unloaded after import = 13
========================================================================
Received Import Request.
  Time since last request: 138.918410 seconds.
  path: Assets/LowPolySkeleton/LowPolySkeleton_3DModel/LowPolySkeleton_Background_Unity.fbx
  artifactKey: Guid(fdae1ae57a3fda44fb2970dd42deb6b7) Importer(815301076,1909f56bfc062723c751e8b465ee728b)
Number of updated assets reloaded before import = 0
Start importing Assets/LowPolySkeleton/LowPolySkeleton_3DModel/LowPolySkeleton_Background_Unity.fbx using Guid(fdae1ae57a3fda44fb2970dd42deb6b7) Importer(815301076,1909f56bfc062723c751e8b465ee728b)  -> (artifact id: 'a5b3e3b558f41fb315a9c6d8db4c0289') in 0.122661 seconds 
Number of asset objects unloaded after import = 52
========================================================================
Received Import Request.
  Time since last request: 0.000026 seconds.
  path: Assets/SciFiWarriorPBRHPPolyart/Animations/Reload.fbx
  artifactKey: Guid(45b9c258f262e844e8f5316722fc04c6) Importer(815301076,1909f56bfc062723c751e8b465ee728b)
Number of updated assets reloaded before import = 0
Start importing Assets/SciFiWarriorPBRHPPolyart/Animations/Reload.fbx using Guid(45b9c258f262e844e8f5316722fc04c6) Importer(815301076,1909f56bfc062723c751e8b465ee728b)  -> (artifact id: 'e6676d2004774e57c5d8dcb9b98308cb') in 0.100002 seconds 
Number of asset objects unloaded after import = 149
========================================================================
Received Import Request.
  Time since last request: 0.000019 seconds.
  path: Assets/SciFiWarriorPBRHPPolyart/Animations/WalkLeft_Shoot_ar.fbx
  artifactKey: Guid(34d1b8e01a0412f449dcefc77b05e27b) Importer(815301076,1909f56bfc062723c751e8b465ee728b)
Number of updated assets reloaded before import = 0
Start importing Assets/SciFiWarriorPBRHPPolyart/Animations/WalkLeft_Shoot_ar.fbx using Guid(34d1b8e01a0412f449dcefc77b05e27b) Importer(815301076,1909f56bfc062723c751e8b465ee728b)  -> (artifact id: 'b41f7f1de12b79c83dea0307f5694231') in 0.089140 seconds 
Number of asset objects unloaded after import = 149
========================================================================
Received Import Request.
  Time since last request: 0.000033 seconds.
  path: Assets/FSP/MAST/Images/Cleaning_Brush.png
  artifactKey: Guid(42327a1e211d7c143b5feb7b1772e6e9) Importer(815301076,1909f56bfc062723c751e8b465ee728b)
Number of updated assets reloaded before import = 0
Start importing Assets/FSP/MAST/Images/Cleaning_Brush.png using Guid(42327a1e211d7c143b5feb7b1772e6e9) Importer(815301076,1909f56bfc062723c751e8b465ee728b)  -> (artifact id: 'c7093a0ba22ffdaba89c23e422542c19') in 0.032077 seconds 
Number of asset objects unloaded after import = 3
========================================================================
Received Import Request.
  Time since last request: 0.000021 seconds.
  path: Assets/SciFiWarriorPBRHPPolyart/Animations/WalkFront_Shoot_ar.fbx
  artifactKey: Guid(e398e3aa9cdfcdc4ebd01a06e4c544ae) Importer(815301076,1909f56bfc062723c751e8b465ee728b)
Number of updated assets reloaded before import = 0
Start importing Assets/SciFiWarriorPBRHPPolyart/Animations/WalkFront_Shoot_ar.fbx using Guid(e398e3aa9cdfcdc4ebd01a06e4c544ae) Importer(815301076,1909f56bfc062723c751e8b465ee728b)  -> (artifact id: '9de5dff851f1447955c0ba2149c7c9ed') in 0.094813 seconds 
Number of asset objects unloaded after import = 149
========================================================================
Received Import Request.
  Time since last request: 0.000021 seconds.
  path: Assets/SciFiWarriorPBRHPPolyart/Animations/Idle_gunMiddle_ar.fbx
  artifactKey: Guid(107649059ea401b4e9c5c20f21e99a55) Importer(815301076,1909f56bfc062723c751e8b465ee728b)
Number of updated assets reloaded before import = 0
Start importing Assets/SciFiWarriorPBRHPPolyart/Animations/Idle_gunMiddle_ar.fbx using Guid(107649059ea401b4e9c5c20f21e99a55) Importer(815301076,1909f56bfc062723c751e8b465ee728b)  -> (artifact id: 'f6321f5526d54e25d0679514d3dd06bb') in 0.098053 seconds 
Number of asset objects unloaded after import = 149
========================================================================
Received Import Request.
  Time since last request: 0.000023 seconds.
  path: Assets/Photon/PhotonUnityNetworking/Demos/DemoSlotRacer/Kenney Assets/Stylized city/Models/car_3.FBX
  artifactKey: Guid(09f4942833b61cf429ab5ae4addaacac) Importer(815301076,1909f56bfc062723c751e8b465ee728b)
Number of updated assets reloaded before import = 0
Start importing Assets/Photon/PhotonUnityNetworking/Demos/DemoSlotRacer/Kenney Assets/Stylized city/Models/car_3.FBX using Guid(09f4942833b61cf429ab5ae4addaacac) Importer(815301076,1909f56bfc062723c751e8b465ee728b)  -> (artifact id: 'e688f7b2aadb4feb097797c8e3278fd8') in 0.107941 seconds 
Number of asset objects unloaded after import = 84
========================================================================
Received Import Request.
  Time since last request: 0.000040 seconds.
  path: Assets/SciFiWarriorPBRHPPolyart/Animations/Shoot_AutoShot_AR.fbx
  artifactKey: Guid(76a61eccc11250c4da8bd7f1d87fa2fe) Importer(815301076,1909f56bfc062723c751e8b465ee728b)
Number of updated assets reloaded before import = 0
Start importing Assets/SciFiWarriorPBRHPPolyart/Animations/Shoot_AutoShot_AR.fbx using Guid(76a61eccc11250c4da8bd7f1d87fa2fe) Importer(815301076,1909f56bfc062723c751e8b465ee728b)  -> (artifact id: 'ad6786a9cd76b2c086a3fac5b6e34fca') in 0.094510 seconds 
Number of asset objects unloaded after import = 149
========================================================================
Received Import Request.
  Time since last request: 0.000028 seconds.
  path: Assets/SciFiWarriorPBRHPPolyart/Animations/Run_gunMiddle_AR.fbx
  artifactKey: Guid(d805ca1ced9a1054c9cb7e1dc431a6e3) Importer(815301076,1909f56bfc062723c751e8b465ee728b)
Number of updated assets reloaded before import = 0
Start importing Assets/SciFiWarriorPBRHPPolyart/Animations/Run_gunMiddle_AR.fbx using Guid(d805ca1ced9a1054c9cb7e1dc431a6e3) Importer(815301076,1909f56bfc062723c751e8b465ee728b)  -> (artifact id: '1c5ecd95872d5a57461f964b907ccd8d') in 0.089385 seconds 
Number of asset objects unloaded after import = 149
========================================================================
Received Import Request.
  Time since last request: 0.000027 seconds.
  path: Assets/SciFiWarriorPBRHPPolyart/Animations/Jump.fbx
  artifactKey: Guid(c09541f4236345c4fa4e4745793a59f3) Importer(815301076,1909f56bfc062723c751e8b465ee728b)
Number of updated assets reloaded before import = 0
Start importing Assets/SciFiWarriorPBRHPPolyart/Animations/Jump.fbx using Guid(c09541f4236345c4fa4e4745793a59f3) Importer(815301076,1909f56bfc062723c751e8b465ee728b)  -> (artifact id: 'fe86b97e90ef6f0da8f688462b0d5738') in 0.082485 seconds 
Number of asset objects unloaded after import = 149
========================================================================
Received Import Request.
  Time since last request: 0.000024 seconds.
  path: Assets/SciFiWarriorPBRHPPolyart/Animations/Shoot_BurstShot_AR.fbx
  artifactKey: Guid(9e6c2d8b423b3db4ca189e8497d60f1e) Importer(815301076,1909f56bfc062723c751e8b465ee728b)
Number of updated assets reloaded before import = 0
Start importing Assets/SciFiWarriorPBRHPPolyart/Animations/Shoot_BurstShot_AR.fbx using Guid(9e6c2d8b423b3db4ca189e8497d60f1e) Importer(815301076,1909f56bfc062723c751e8b465ee728b)  -> (artifact id: '924ab01e469885c266cd8358306973a4') in 0.083923 seconds 
Number of asset objects unloaded after import = 149
========================================================================
Received Import Request.
  Time since last request: 0.000029 seconds.
  path: Assets/FSP/MAST/Images/Button_Standard_Active.png
  artifactKey: Guid(48d7e7f08abdb5e47b6cc68b9a4a7816) Importer(815301076,1909f56bfc062723c751e8b465ee728b)
Number of updated assets reloaded before import = 0
Start importing Assets/FSP/MAST/Images/Button_Standard_Active.png using Guid(48d7e7f08abdb5e47b6cc68b9a4a7816) Importer(815301076,1909f56bfc062723c751e8b465ee728b)  -> (artifact id: 'a45a8a070ccceb750a8b4c8e84faa9b1') in 0.010655 seconds 
Number of asset objects unloaded after import = 3
========================================================================
Received Import Request.
  Time since last request: 0.000027 seconds.
  path: Assets/LowPolySkeleton/LowPolySkeleton_TexturesMat/Background_AmbientOcclusion.tga
  artifactKey: Guid(7a9e6a15ec03b5647bef26aaea6e8d75) Importer(815301076,1909f56bfc062723c751e8b465ee728b)
Number of updated assets reloaded before import = 0
Start importing Assets/LowPolySkeleton/LowPolySkeleton_TexturesMat/Background_AmbientOcclusion.tga using Guid(7a9e6a15ec03b5647bef26aaea6e8d75) Importer(815301076,1909f56bfc062723c751e8b465ee728b)  -> (artifact id: 'fc18ed0efbe6d5158f7376ff163a1518') in 0.015022 seconds 
Number of asset objects unloaded after import = 2
========================================================================
Received Import Request.
  Time since last request: 0.000021 seconds.
  path: Assets/LowPolySkeleton/LowPolySkeleton_TexturesMat/Background_BaseColor.tga
  artifactKey: Guid(9023cd1afd7152648877f92a7153eecc) Importer(815301076,1909f56bfc062723c751e8b465ee728b)
Number of updated assets reloaded before import = 0
Start importing Assets/LowPolySkeleton/LowPolySkeleton_TexturesMat/Background_BaseColor.tga using Guid(9023cd1afd7152648877f92a7153eecc) Importer(815301076,1909f56bfc062723c751e8b465ee728b)  -> (artifact id: '246c8b1777fd8c81bd9eaa02bd147d5b') in 0.011917 seconds 
Number of asset objects unloaded after import = 2
========================================================================
Received Import Request.
  Time since last request: 0.000021 seconds.
  path: Assets/Photon/PhotonUnityNetworking/Demos/DemoProcedural/Materials/Black.mat
  artifactKey: Guid(1598ff147655ecb4893e78f88baa9475) Importer(815301076,1909f56bfc062723c751e8b465ee728b)
Number of updated assets reloaded before import = 0
Start importing Assets/Photon/PhotonUnityNetworking/Demos/DemoProcedural/Materials/Black.mat using Guid(1598ff147655ecb4893e78f88baa9475) Importer(815301076,1909f56bfc062723c751e8b465ee728b)  -> (artifact id: 'b37fced6601da3fb63be15df9aaa041f') in 0.016357 seconds 
Number of asset objects unloaded after import = 1
========================================================================
Received Import Request.
  Time since last request: 0.000019 seconds.
  path: Assets/Photon/PhotonUnityNetworking/Demos/DemoSlotRacer/Kenney Assets/Stylized city/Models/car_4.FBX
  artifactKey: Guid(f3cb3c8f5cd4b514ebf9fbfda32cb36d) Importer(815301076,1909f56bfc062723c751e8b465ee728b)
Number of updated assets reloaded before import = 0
Start importing Assets/Photon/PhotonUnityNetworking/Demos/DemoSlotRacer/Kenney Assets/Stylized city/Models/car_4.FBX using Guid(f3cb3c8f5cd4b514ebf9fbfda32cb36d) Importer(815301076,1909f56bfc062723c751e8b465ee728b)  -> (artifact id: '4b9a3b990b5302e917c9a338764c0b44') in 0.082913 seconds 
Number of asset objects unloaded after import = 78
========================================================================
Received Import Request.
  Time since last request: 0.000018 seconds.
  path: Assets/Stylized Astronaut/Demo/Materials/Checker_Tex.png
  artifactKey: Guid(38d2b9d9f4ace25459ab950a9859f920) Importer(815301076,1909f56bfc062723c751e8b465ee728b)
Number of updated assets reloaded before import = 0
Start importing Assets/Stylized Astronaut/Demo/Materials/Checker_Tex.png using Guid(38d2b9d9f4ace25459ab950a9859f920) Importer(815301076,1909f56bfc062723c751e8b465ee728b)  -> (artifact id: '8ac7d29c099a1b6269dd85ceac3440dc') in 0.015105 seconds 
Number of asset objects unloaded after import = 2
========================================================================
Received Import Request.
  Time since last request: 0.000018 seconds.
  path: Assets/Photon/PhotonUnityNetworking/Demos/DemoSlotRacer/Kenney Assets/Stylized city/Models/car_1.FBX
  artifactKey: Guid(1ec55baed88ac07429a52bee4c519015) Importer(815301076,1909f56bfc062723c751e8b465ee728b)
Number of updated assets reloaded before import = 0
Start importing Assets/Photon/PhotonUnityNetworking/Demos/DemoSlotRacer/Kenney Assets/Stylized city/Models/car_1.FBX using Guid(1ec55baed88ac07429a52bee4c519015) Importer(815301076,1909f56bfc062723c751e8b465ee728b)  -> (artifact id: 'e30660241563b3167dbbe218cdc21272') in 0.134125 seconds 
Number of asset objects unloaded after import = 108
========================================================================
Received Import Request.
  Time since last request: 1.275211 seconds.
  path: Assets/Photon/PhotonUnityNetworking/Demos/Shared Assets/Skin/BoxBright.png
  artifactKey: Guid(ab6d288fac925ae48bbeb5e02d83dce3) Importer(815301076,1909f56bfc062723c751e8b465ee728b)
Number of updated assets reloaded before import = 0
Start importing Assets/Photon/PhotonUnityNetworking/Demos/Shared Assets/Skin/BoxBright.png using Guid(ab6d288fac925ae48bbeb5e02d83dce3) Importer(815301076,1909f56bfc062723c751e8b465ee728b)  -> (artifact id: '57af2c6a7b2da39ea6f43b2398ba0d9f') in 0.009291 seconds 
Number of asset objects unloaded after import = 2
========================================================================
Received Import Request.
  Time since last request: 0.000019 seconds.
  path: Assets/Photon/PhotonUnityNetworking/Demos/Shared Assets/Skin/BoxOrangeRed.png
  artifactKey: Guid(72708a25103c3fe4f9074f7296e86b7a) Importer(815301076,1909f56bfc062723c751e8b465ee728b)
Number of updated assets reloaded before import = 0
Start importing Assets/Photon/PhotonUnityNetworking/Demos/Shared Assets/Skin/BoxOrangeRed.png using Guid(72708a25103c3fe4f9074f7296e86b7a) Importer(815301076,1909f56bfc062723c751e8b465ee728b)  -> (artifact id: '9b2301352e81df564f723e2be1a1baae') in 0.008380 seconds 
Number of asset objects unloaded after import = 2
========================================================================
Received Import Request.
  Time since last request: 0.000423 seconds.
  path: Assets/FSP/MAST/Images/Button_BG_Hover.png
  artifactKey: Guid(9353d8d9a1e8f464faf200896fa138f1) Importer(815301076,1909f56bfc062723c751e8b465ee728b)
Number of updated assets reloaded before import = 0
Start importing Assets/FSP/MAST/Images/Button_BG_Hover.png using Guid(9353d8d9a1e8f464faf200896fa138f1) Importer(815301076,1909f56bfc062723c751e8b465ee728b)  -> (artifact id: '47842df2b83b032aeebcebf2778aa695') in 0.011070 seconds 
Number of asset objects unloaded after import = 3
========================================================================
Received Import Request.
  Time since last request: 0.014457 seconds.
  path: Assets/LowPolySkeleton/LowPolySkeleton_TexturesMat/Envieroment_NormalOpenGL.tga
  artifactKey: Guid(920608c3a1ee989498c8ab6f36c82adf) Importer(815301076,1909f56bfc062723c751e8b465ee728b)
Number of updated assets reloaded before import = 0
Start importing Assets/LowPolySkeleton/LowPolySkeleton_TexturesMat/Envieroment_NormalOpenGL.tga using Guid(920608c3a1ee989498c8ab6f36c82adf) Importer(815301076,1909f56bfc062723c751e8b465ee728b)  -> (artifact id: '02bc6963e712d65eb81787ab9b774da0') in 0.023728 seconds 
Number of asset objects unloaded after import = 2
========================================================================
Received Import Request.
  Time since last request: 0.000018 seconds.
  path: Assets/GeeKay3D/First-Aid-Set/Assets/Materials/FirstAid_Green.mat
  artifactKey: Guid(e076833fec2df4e468280e3a779a4a1c) Importer(815301076,1909f56bfc062723c751e8b465ee728b)
Number of updated assets reloaded before import = 0
Start importing Assets/GeeKay3D/First-Aid-Set/Assets/Materials/FirstAid_Green.mat using Guid(e076833fec2df4e468280e3a779a4a1c) Importer(815301076,1909f56bfc062723c751e8b465ee728b)  -> (artifact id: '7da5efbd647b076615d0ff75b6157ae4') in 0.049198 seconds 
Number of asset objects unloaded after import = 5
========================================================================
Received Import Request.
  Time since last request: 0.000020 seconds.
  path: Assets/Photon/PhotonChat/Demos/DemoChat/Files/Gradient.png
  artifactKey: Guid(2fb83ea89df639b43a22d707d3c22af1) Importer(815301076,1909f56bfc062723c751e8b465ee728b)
Number of updated assets reloaded before import = 0
Start importing Assets/Photon/PhotonChat/Demos/DemoChat/Files/Gradient.png using Guid(2fb83ea89df639b43a22d707d3c22af1) Importer(815301076,1909f56bfc062723c751e8b465ee728b)  -> (artifact id: '1261b74c2e67a14b656d2870fa165655') in 0.010838 seconds 
Number of asset objects unloaded after import = 2
========================================================================
Received Import Request.
  Time since last request: 0.000017 seconds.
  path: Assets/Photon/PhotonUnityNetworking/Demos/DemoSlotRacer/Kenney Assets/Racing Kit/Models/Materials/grass.mat
  artifactKey: Guid(ba3bddb608259184783916ac7915d5a2) Importer(815301076,1909f56bfc062723c751e8b465ee728b)
Number of updated assets reloaded before import = 0
Start importing Assets/Photon/PhotonUnityNetworking/Demos/DemoSlotRacer/Kenney Assets/Racing Kit/Models/Materials/grass.mat using Guid(ba3bddb608259184783916ac7915d5a2) Importer(815301076,1909f56bfc062723c751e8b465ee728b)  -> (artifact id: '652261785dbf06c34d4feec846399dcd') in 0.011527 seconds 
Number of asset objects unloaded after import = 1
========================================================================
Received Import Request.
  Time since last request: 0.000031 seconds.
  path: Assets/FSP/Modular Pixel Forest/Materials/Terrain/_MAST_Thumbnails/Grass Block Fall.png
  artifactKey: Guid(e8b22a9458e77484898d8346f181730b) Importer(815301076,1909f56bfc062723c751e8b465ee728b)
Number of updated assets reloaded before import = 0
Start importing Assets/FSP/Modular Pixel Forest/Materials/Terrain/_MAST_Thumbnails/Grass Block Fall.png using Guid(e8b22a9458e77484898d8346f181730b) Importer(815301076,1909f56bfc062723c751e8b465ee728b)  -> (artifact id: 'a3a12e0e462fbee8fd674ca3ae34eb8e') in 0.013475 seconds 
Number of asset objects unloaded after import = 2
========================================================================
Received Import Request.
  Time since last request: 0.000034 seconds.
  path: Assets/Photon/PhotonUnityNetworking/Demos/DemoSlotRacer/Kenney Assets/Stylized city/Models/tree_1.FBX
  artifactKey: Guid(92afa2e4e0d0b8542bf48b0de3ac19bd) Importer(815301076,1909f56bfc062723c751e8b465ee728b)
Number of updated assets reloaded before import = 0
Start importing Assets/Photon/PhotonUnityNetworking/Demos/DemoSlotRacer/Kenney Assets/Stylized city/Models/tree_1.FBX using Guid(92afa2e4e0d0b8542bf48b0de3ac19bd) Importer(815301076,1909f56bfc062723c751e8b465ee728b)  -> (artifact id: '434c01fa19f4c2ffb536da599f09f7a6') in 0.054297 seconds 
Number of asset objects unloaded after import = 27
========================================================================
Received Import Request.
  Time since last request: 0.000024 seconds.
  path: Assets/FSP/Modular Pixel Forest/Materials/Terrain/_MAST_Thumbnails/Grass Hill Corner Inner Snow.png
  artifactKey: Guid(d08201fd87e00b245ba312af690fd82e) Importer(815301076,1909f56bfc062723c751e8b465ee728b)
Number of updated assets reloaded before import = 0
Start importing Assets/FSP/Modular Pixel Forest/Materials/Terrain/_MAST_Thumbnails/Grass Hill Corner Inner Snow.png using Guid(d08201fd87e00b245ba312af690fd82e) Importer(815301076,1909f56bfc062723c751e8b465ee728b)  -> (artifact id: '8146e77f663e7b125f2f451f213a7dfd') in 0.011954 seconds 
Number of asset objects unloaded after import = 2
========================================================================
Received Import Request.
  Time since last request: 0.000024 seconds.
  path: Assets/Photon/PhotonUnityNetworking/Demos/DemoSlotRacer/Kenney Assets/Racing Kit/Models/flagGreen.fbx
  artifactKey: Guid(b2c239f9b60751e4ab9034c7f2ad66b1) Importer(815301076,1909f56bfc062723c751e8b465ee728b)
Number of updated assets reloaded before import = 0
Start importing Assets/Photon/PhotonUnityNetworking/Demos/DemoSlotRacer/Kenney Assets/Racing Kit/Models/flagGreen.fbx using Guid(b2c239f9b60751e4ab9034c7f2ad66b1) Importer(815301076,1909f56bfc062723c751e8b465ee728b)  -> (artifact id: '697c5b22dbb1abab8640099059c5238c') in 0.036372 seconds 
Number of asset objects unloaded after import = 10
========================================================================
Received Import Request.
  Time since last request: 0.000018 seconds.
  path: Assets/FSP/Modular Pixel Forest/Prefabs/Terrain/_MAST_Thumbnails/Grass Block.png
  artifactKey: Guid(d413740e60556d043981537fcbef3f55) Importer(815301076,1909f56bfc062723c751e8b465ee728b)
Number of updated assets reloaded before import = 0
Start importing Assets/FSP/Modular Pixel Forest/Prefabs/Terrain/_MAST_Thumbnails/Grass Block.png using Guid(d413740e60556d043981537fcbef3f55) Importer(815301076,1909f56bfc062723c751e8b465ee728b)  -> (artifact id: '0150ef3da79713e772792c0e3659296f') in 0.011016 seconds 
Number of asset objects unloaded after import = 2
========================================================================
Received Import Request.
  Time since last request: 0.000039 seconds.
  path: Assets/FSP/Modular Pixel Forest/Materials/Terrain/_MAST_Thumbnails/Grass Block Green.png
  artifactKey: Guid(ba1a3b16365b7c046a3be5958808c7dd) Importer(815301076,1909f56bfc062723c751e8b465ee728b)
Number of updated assets reloaded before import = 0
Start importing Assets/FSP/Modular Pixel Forest/Materials/Terrain/_MAST_Thumbnails/Grass Block Green.png using Guid(ba1a3b16365b7c046a3be5958808c7dd) Importer(815301076,1909f56bfc062723c751e8b465ee728b)  -> (artifact id: 'f2cb5d373b44acb66ad2cc2aaf246f0c') in 0.012790 seconds 
Number of asset objects unloaded after import = 2
========================================================================
Received Import Request.
  Time since last request: 0.000022 seconds.
  path: Assets/Photon/PhotonUnityNetworking/Demos/DemoSlotRacer/Kenney Assets/Racing Kit/Models/roadStartPositions.fbx
  artifactKey: Guid(f5a5b74b30add9048911cae29679bbce) Importer(815301076,1909f56bfc062723c751e8b465ee728b)
Number of updated assets reloaded before import = 0
Start importing Assets/Photon/PhotonUnityNetworking/Demos/DemoSlotRacer/Kenney Assets/Racing Kit/Models/roadStartPositions.fbx using Guid(f5a5b74b30add9048911cae29679bbce) Importer(815301076,1909f56bfc062723c751e8b465ee728b)  -> (artifact id: 'c1bcd35e0942457335aff0ccfed02e6f') in 0.030372 seconds 
Number of asset objects unloaded after import = 10
========================================================================
Received Import Request.
  Time since last request: 0.000029 seconds.
  path: Assets/Photon/PhotonUnityNetworking/Demos/DemoSlotRacer/Kenney Assets/Racing Kit/Models/roadCornerSmall.fbx
  artifactKey: Guid(d873a0d61ff3aa941be0eb85cb9271ef) Importer(815301076,1909f56bfc062723c751e8b465ee728b)
Number of updated assets reloaded before import = 0
Start importing Assets/Photon/PhotonUnityNetworking/Demos/DemoSlotRacer/Kenney Assets/Racing Kit/Models/roadCornerSmall.fbx using Guid(d873a0d61ff3aa941be0eb85cb9271ef) Importer(815301076,1909f56bfc062723c751e8b465ee728b)  -> (artifact id: 'ea58e03ddf91012ebb0e83f06b95ee20') in 0.031636 seconds 
Number of asset objects unloaded after import = 10
========================================================================
Received Import Request.
  Time since last request: 0.000032 seconds.
  path: Assets/FSP/Modular Pixel Forest/Materials/Terrain/_MAST_Thumbnails/Grass Hill Corner Outer Fall.png
  artifactKey: Guid(9597fb8a93078f542be0ef99391295b9) Importer(815301076,1909f56bfc062723c751e8b465ee728b)
Number of updated assets reloaded before import = 0
Start importing Assets/FSP/Modular Pixel Forest/Materials/Terrain/_MAST_Thumbnails/Grass Hill Corner Outer Fall.png using Guid(9597fb8a93078f542be0ef99391295b9) Importer(815301076,1909f56bfc062723c751e8b465ee728b)  -> (artifact id: '6ac74d8e4017a0f586db3091bed103d4') in 0.011344 seconds 
Number of asset objects unloaded after import = 2
========================================================================
Received Import Request.
  Time since last request: 0.000036 seconds.
  path: Assets/Photon/PhotonUnityNetworking/Demos/DemoSlotRacer/Kenney Assets/Racing Kit/Models/roadStart.fbx
  artifactKey: Guid(4a85baa15824c004e9265ae93708faf9) Importer(815301076,1909f56bfc062723c751e8b465ee728b)
Number of updated assets reloaded before import = 0
Start importing Assets/Photon/PhotonUnityNetworking/Demos/DemoSlotRacer/Kenney Assets/Racing Kit/Models/roadStart.fbx using Guid(4a85baa15824c004e9265ae93708faf9) Importer(815301076,1909f56bfc062723c751e8b465ee728b)  -> (artifact id: 'e4290e5d35a92dc18532f05a071e2860') in 0.030751 seconds 
Number of asset objects unloaded after import = 10
========================================================================
Received Import Request.
  Time since last request: 0.493455 seconds.
  path: Assets/FSP/Modular Pixel Forest/Materials/Terrain/_MAST_Thumbnails/Grass Hill Straight Fall.png
  artifactKey: Guid(f5daf4b752302874dbe73c26b3ef8b73) Importer(815301076,1909f56bfc062723c751e8b465ee728b)
Number of updated assets reloaded before import = 0
Start importing Assets/FSP/Modular Pixel Forest/Materials/Terrain/_MAST_Thumbnails/Grass Hill Straight Fall.png using Guid(f5daf4b752302874dbe73c26b3ef8b73) Importer(815301076,1909f56bfc062723c751e8b465ee728b)  -> (artifact id: '12d2152b47c601b74b1a83e12b6a8168') in 0.009296 seconds 
Number of asset objects unloaded after import = 2
========================================================================
Received Import Request.
  Time since last request: 0.001430 seconds.
  path: Assets/Photon/PhotonUnityNetworking/Demos/DemoSlotRacer/Kenney Assets/Racing Kit/Models/billboardLower.fbx
  artifactKey: Guid(271d69ba92e5ec94eaa3779f0ea4ce47) Importer(815301076,1909f56bfc062723c751e8b465ee728b)
Number of updated assets reloaded before import = 0
Start importing Assets/Photon/PhotonUnityNetworking/Demos/DemoSlotRacer/Kenney Assets/Racing Kit/Models/billboardLower.fbx using Guid(271d69ba92e5ec94eaa3779f0ea4ce47) Importer(815301076,1909f56bfc062723c751e8b465ee728b)  -> (artifact id: '8c5a15bb5e1c5041a411c1ad0f0c3832') in 0.045355 seconds 
Number of asset objects unloaded after import = 13
========================================================================
Received Import Request.
  Time since last request: 0.000023 seconds.
  path: Assets/Photon/PhotonUnityNetworking/Demos/DemoSlotRacer/Kenney Assets/Racing Kit/Models/roadStraightBridgeStart.fbx
  artifactKey: Guid(f3190f178f6804a438514c250f12db6a) Importer(815301076,1909f56bfc062723c751e8b465ee728b)
Number of updated assets reloaded before import = 0
Start importing Assets/Photon/PhotonUnityNetworking/Demos/DemoSlotRacer/Kenney Assets/Racing Kit/Models/roadStraightBridgeStart.fbx using Guid(f3190f178f6804a438514c250f12db6a) Importer(815301076,1909f56bfc062723c751e8b465ee728b)  -> (artifact id: '64d1ae26578db4d1dd337b25b0e44f68') in 0.032587 seconds 
Number of asset objects unloaded after import = 10
========================================================================
Received Import Request.
  Time since last request: 0.000018 seconds.
  path: Assets/FSP/Modular Pixel Forest/Materials/Foliage/_MAST_Thumbnails/Leaves Sphere Green.png
  artifactKey: Guid(ca33cd04028dd3f48a2a41188fead8a2) Importer(815301076,1909f56bfc062723c751e8b465ee728b)
Number of updated assets reloaded before import = 0
Start importing Assets/FSP/Modular Pixel Forest/Materials/Foliage/_MAST_Thumbnails/Leaves Sphere Green.png using Guid(ca33cd04028dd3f48a2a41188fead8a2) Importer(815301076,1909f56bfc062723c751e8b465ee728b)  -> (artifact id: 'c29f66feb1b2ea8b566cc2857936d0ef') in 0.010205 seconds 
Number of asset objects unloaded after import = 2
========================================================================
Received Import Request.
  Time since last request: 0.000029 seconds.
  path: Assets/FSP/MAST/Etc/Material_Grid.mat
  artifactKey: Guid(edf95468c6d868b4b941db80cecaa972) Importer(815301076,1909f56bfc062723c751e8b465ee728b)
Number of updated assets reloaded before import = 0
Start importing Assets/FSP/MAST/Etc/Material_Grid.mat using Guid(edf95468c6d868b4b941db80cecaa972) Importer(815301076,1909f56bfc062723c751e8b465ee728b)  -> (artifact id: '258df7e5e781ca161653ed998b7b6631') in 0.205260 seconds 
Number of asset objects unloaded after import = 2
========================================================================
Received Import Request.
  Time since last request: 16.446416 seconds.
  path: Assets/FSP/Modular Pixel Forest/Materials/Terrain/_MAST_Thumbnails/Dirt Block Snow.png
  artifactKey: Guid(dacbd8edd2b017c4e8aaf8ce8c18fdff) Importer(815301076,1909f56bfc062723c751e8b465ee728b)
Number of updated assets reloaded before import = 0
Start importing Assets/FSP/Modular Pixel Forest/Materials/Terrain/_MAST_Thumbnails/Dirt Block Snow.png using Guid(dacbd8edd2b017c4e8aaf8ce8c18fdff) Importer(815301076,1909f56bfc062723c751e8b465ee728b)  -> (artifact id: '51de5f08ead0422d1c4ac16f0a7d847a') in 0.012713 seconds 
Number of asset objects unloaded after import = 2
========================================================================
Received Import Request.
  Time since last request: 0.004748 seconds.
  path: Assets/FSP/Modular Pixel Forest/Materials/Props/_MAST_Thumbnails/Fence Rail Snow.png
  artifactKey: Guid(2bc9daf084fdd4747ab2ac14ad75120d) Importer(815301076,1909f56bfc062723c751e8b465ee728b)
Number of updated assets reloaded before import = 0
Start importing Assets/FSP/Modular Pixel Forest/Materials/Props/_MAST_Thumbnails/Fence Rail Snow.png using Guid(2bc9daf084fdd4747ab2ac14ad75120d) Importer(815301076,1909f56bfc062723c751e8b465ee728b)  -> (artifact id: '114568bdb852a908277b2c93eec96a78') in 0.011283 seconds 
Number of asset objects unloaded after import = 2
========================================================================
Received Import Request.
  Time since last request: 0.014040 seconds.
  path: Assets/FSP/Modular Pixel Forest/Materials/Temple/_MAST_Thumbnails/Pillar Base Snow.png
  artifactKey: Guid(a494539a8a8ab554f8f78ccc6c8a83ac) Importer(815301076,1909f56bfc062723c751e8b465ee728b)
Number of updated assets reloaded before import = 0
Start importing Assets/FSP/Modular Pixel Forest/Materials/Temple/_MAST_Thumbnails/Pillar Base Snow.png using Guid(a494539a8a8ab554f8f78ccc6c8a83ac) Importer(815301076,1909f56bfc062723c751e8b465ee728b)  -> (artifact id: 'abf6dbf0353c6adb1abb2d0a160cbe3c') in 0.009961 seconds 
Number of asset objects unloaded after import = 2
========================================================================
Received Import Request.
  Time since last request: 0.006362 seconds.
  path: Assets/FSP/Modular Pixel Forest/Materials/Temple/_MAST_Thumbnails/Temple Block Center Snow.png
  artifactKey: Guid(9427164464d58c64b91854ccdb5b3e53) Importer(815301076,1909f56bfc062723c751e8b465ee728b)
Number of updated assets reloaded before import = 0
Start importing Assets/FSP/Modular Pixel Forest/Materials/Temple/_MAST_Thumbnails/Temple Block Center Snow.png using Guid(9427164464d58c64b91854ccdb5b3e53) Importer(815301076,1909f56bfc062723c751e8b465ee728b)  -> (artifact id: 'fbd87a36d9e1fd2e57737521a7cf5bee') in 0.013907 seconds 
Number of asset objects unloaded after import = 2
Editor requested this worker to shutdown with reason: Scaling down because of idle timeout
TcpMessagingSession - receive error
AssetImportWorkerClient::OnTransportError - code=2 error=End of file
AssetImportWorker is now disconnected from the server
Process exiting
Exiting without the bug reporter. Application will terminate with return code 0